wandb: Starting wandb agent ðŸ•µï¸
2025-03-22 22:13:25,131 - wandb.wandb_agent - INFO - Running runs: []
2025-03-22 22:13:25,404 - wandb.wandb_agent - INFO - Agent received command: run
2025-03-22 22:13:25,405 - wandb.wandb_agent - INFO - Agent starting run with config:
	checkpoint.enabled: False
	datapipe.seed: 21
	schedule.phase1.iterations: 100
	schedule.phase1.lr_end: 0.01
	schedule.phase1.lr_start: 0.001
	schedule.phase2.iterations: 1000
	schedule.phase2.lr_objective: 0.005
	schedule.phase3.iterations: 200
	schedule.phase3.lr: 0.0001
	schedule.phase3.rollout_steps_increments: 1
2025-03-22 22:13:25,408 - wandb.wandb_agent - INFO - About to run command: python -m torch.distributed.run --nnodes=1 --nproc_per_node=4 train_graphcast.py checkpoint.enabled=False datapipe.seed=21 schedule.phase1.iterations=100 schedule.phase1.lr_end=0.01 schedule.phase1.lr_start=0.001 schedule.phase2.iterations=1000 schedule.phase2.lr_objective=0.005 schedule.phase3.iterations=200 schedule.phase3.lr=0.0001 schedule.phase3.rollout_steps_increments=1
2025-03-22 22:13:30,416 - wandb.wandb_agent - INFO - Running runs: ['2n57xcxl']
[2025-03-22 22:13:50,282][main][INFO] - [94mRank: 3, Device: cuda:3[0m
[2025-03-22 22:13:50,282][main][INFO] - [94mRank: 2, Device: cuda:2[0m
[2025-03-22 22:13:50,282][main][INFO] - [94mRank: 1, Device: cuda:1[0m
[2025-03-22 22:13:50,287][main][INFO] - [94mRank: 0, Device: cuda:0[0m
wandb: WARNING Unable to verify login in offline mode.
wandb: WARNING Ignoring project 'DSM500_FPR' when running a sweep.
wandb: WARNING Ignoring entity 'schups' when running a sweep.
wandb: Tracking run with wandb version 0.19.8
wandb: Run data is saved locally in /iopsstor/scratch/cscs/stefschu/DSM500_FPR/modulus-baseline/wandb/wandb/run-20250322_221351-2n57xcxl
wandb: Run `wandb offline` to turn off syncing.
wandb: Syncing run Baseline_293552_25/03/22_22:13:50_RUN_01
wandb: â­ï¸ View project at https://wandb.ai/schups/DSM500_FPR
wandb: ðŸ§¹ View sweep at https://wandb.ai/schups/DSM500_FPR/sweeps/mpgn79e1
wandb: ðŸš€ View run at https://wandb.ai/schups/DSM500_FPR/runs/2n57xcxl
[2025-03-22 22:13:52,090][trainer][INFO] - [94mSetting seed to 21[0m
[2025-03-22 22:13:52,140][cache][INFO] - [94mLoading cache for 'meshes'.[0m
[2025-03-22 22:13:52,141][cache][INFO] - [94mChecking if 'meshes' is cached.[0m
[2025-03-22 22:13:52,141][cache][INFO] - [94m-> HIT! '/iopsstor/scratch/cscs/stefschu/DSM500_FPR/cache/icosahedron_meshes.pickled' exists.[0m
[2025-03-22 22:13:52,143][cache][INFO] - [94m-> Checking guard 'MeshesCacheGuard'.[0m
[2025-03-22 22:13:56,645][trainer][INFO] - [94mModel created. Trainable parameters count is 35'248'149[0m
[2025-03-22 22:14:02,288][trainer][INFO] - [92mLoaded train datapipe of size 53'947 samples[0m
[2025-03-22 22:14:04,059][trainer][INFO] - [92mLoaded test datapipe of size 2'903 samples[0m
[2025-03-22 22:14:04,063][main][INFO] - [94mInitializing dataloaders...[0m
[2025-03-22 22:14:04,072][main][INFO] - [94mTraining started...[0m
[2025-03-22 22:15:00,005][trainer][INFO] - Iteration     1 | Train loss: 4.87 | Time taken:  8.10/47.83/55.93 sec | GPU memory: 79.1 GB | Global sample ID: 3374
[2025-03-22 22:15:00,581][trainer][INFO] - Iteration     2 | Train loss: 4.97 | Time taken:  0.00/ 0.27/ 0.27 sec | GPU memory: 82.1 GB | Global sample ID: 30756
[2025-03-22 22:15:00,974][trainer][INFO] - Iteration     3 | Train loss: 4.82 | Time taken:  0.00/ 0.28/ 0.28 sec | GPU memory: 82.1 GB | Global sample ID: 1692
[2025-03-22 22:15:01,551][trainer][INFO] - Iteration     4 | Train loss: 4.98 | Time taken:  0.00/ 0.30/ 0.30 sec | GPU memory: 82.1 GB | Global sample ID: 14842
[2025-03-22 22:15:01,936][trainer][INFO] - Iteration     5 | Train loss: 4.85 | Time taken:  0.00/ 0.27/ 0.28 sec | GPU memory: 82.1 GB | Global sample ID: 41459
[2025-03-22 22:15:02,504][trainer][INFO] - Iteration     6 | Train loss: 4.82 | Time taken:  0.00/ 0.46/ 0.46 sec | GPU memory: 82.1 GB | Global sample ID: 22876
[2025-03-22 22:15:02,902][trainer][INFO] - Iteration     7 | Train loss: 4.84 | Time taken:  0.00/ 0.28/ 0.28 sec | GPU memory: 82.1 GB | Global sample ID: 36064
[2025-03-22 22:15:03,292][trainer][INFO] - Iteration     8 | Train loss: 4.71 | Time taken:  0.00/ 0.28/ 0.28 sec | GPU memory: 82.1 GB | Global sample ID: 37044
[2025-03-22 22:15:03,686][trainer][INFO] - Iteration     9 | Train loss: 5.07 | Time taken:  0.00/ 0.28/ 0.29 sec | GPU memory: 82.1 GB | Global sample ID: 40746
[2025-03-22 22:15:04,078][trainer][INFO] - Iteration    10 | Train loss: 4.89 | Time taken:  0.00/ 0.28/ 0.28 sec | GPU memory: 82.1 GB | Global sample ID: 33084
[2025-03-22 22:15:04,469][trainer][INFO] - Iteration    11 | Train loss: 4.75 | Time taken:  0.00/ 0.28/ 0.28 sec | GPU memory: 82.1 GB | Global sample ID: 45618
[2025-03-22 22:15:04,861][trainer][INFO] - Iteration    12 | Train loss: 4.79 | Time taken:  0.00/ 0.28/ 0.28 sec | GPU memory: 82.1 GB | Global sample ID: 30078
[2025-03-22 22:15:05,259][trainer][INFO] - Iteration    13 | Train loss: 5.10 | Time taken:  0.00/ 0.28/ 0.28 sec | GPU memory: 82.1 GB | Global sample ID: 5703
[2025-03-22 22:15:05,648][trainer][INFO] - Iteration    14 | Train loss: 4.80 | Time taken:  0.00/ 0.28/ 0.28 sec | GPU memory: 82.1 GB | Global sample ID: 15297
[2025-03-22 22:15:06,041][trainer][INFO] - Iteration    15 | Train loss: 5.07 | Time taken:  0.00/ 0.28/ 0.28 sec | GPU memory: 82.1 GB | Global sample ID: 4167
[2025-03-22 22:15:06,434][trainer][INFO] - Iteration    16 | Train loss: 4.76 | Time taken:  0.00/ 0.28/ 0.28 sec | GPU memory: 82.1 GB | Global sample ID: 16140
[2025-03-22 22:15:06,828][trainer][INFO] - Iteration    17 | Train loss: 4.85 | Time taken:  0.00/ 0.28/ 0.29 sec | GPU memory: 82.1 GB | Global sample ID: 38984
[2025-03-22 22:15:07,221][trainer][INFO] - Iteration    18 | Train loss: 4.95 | Time taken:  0.00/ 0.28/ 0.28 sec | GPU memory: 82.1 GB | Global sample ID: 48331
[2025-03-22 22:15:07,840][trainer][INFO] - Iteration    19 | Train loss: 4.91 | Time taken:  0.00/ 0.27/ 0.27 sec | GPU memory: 82.1 GB | Global sample ID: 34640
[2025-03-22 22:15:08,236][trainer][INFO] - Iteration    20 | Train loss: 4.85 | Time taken:  0.00/ 0.28/ 0.28 sec | GPU memory: 82.1 GB | Global sample ID: 3219
[2025-03-22 22:15:08,634][trainer][INFO] - Iteration    21 | Train loss: 4.69 | Time taken:  0.00/ 0.28/ 0.28 sec | GPU memory: 82.1 GB | Global sample ID: 15494
[2025-03-22 22:15:09,026][trainer][INFO] - Iteration    22 | Train loss: 4.76 | Time taken:  0.00/ 0.28/ 0.28 sec | GPU memory: 82.1 GB | Global sample ID: 49159
[2025-03-22 22:15:09,414][trainer][INFO] - Iteration    23 | Train loss: 4.65 | Time taken:  0.00/ 0.28/ 0.28 sec | GPU memory: 82.1 GB | Global sample ID: 40366
[2025-03-22 22:15:09,805][trainer][INFO] - Iteration    24 | Train loss: 4.70 | Time taken:  0.00/ 0.28/ 0.28 sec | GPU memory: 82.1 GB | Global sample ID: 2423
[2025-03-22 22:15:10,206][trainer][INFO] - Iteration    25 | Train loss: 4.76 | Time taken:  0.00/ 0.28/ 0.28 sec | GPU memory: 82.1 GB | Global sample ID: 3703
[2025-03-22 22:15:10,873][trainer][INFO] - Iteration    26 | Train loss: 4.90 | Time taken:  0.00/ 0.28/ 0.28 sec | GPU memory: 82.1 GB | Global sample ID: 32159
[2025-03-22 22:15:11,264][trainer][INFO] - Iteration    27 | Train loss: 4.87 | Time taken:  0.00/ 0.28/ 0.28 sec | GPU memory: 82.1 GB | Global sample ID: 40868
[2025-03-22 22:15:11,663][trainer][INFO] - Iteration    28 | Train loss: 4.66 | Time taken:  0.00/ 0.28/ 0.28 sec | GPU memory: 82.1 GB | Global sample ID: 26244
[2025-03-22 22:15:12,056][trainer][INFO] - Iteration    29 | Train loss: 4.60 | Time taken:  0.00/ 0.28/ 0.28 sec | GPU memory: 82.1 GB | Global sample ID: 3851
[2025-03-22 22:15:12,458][trainer][INFO] - Iteration    30 | Train loss: 4.56 | Time taken:  0.00/ 0.28/ 0.28 sec | GPU memory: 82.1 GB | Global sample ID: 31380
[2025-03-22 22:15:12,850][trainer][INFO] - Iteration    31 | Train loss: 4.93 | Time taken:  0.00/ 0.28/ 0.28 sec | GPU memory: 82.1 GB | Global sample ID: 45111
[2025-03-22 22:15:13,245][trainer][INFO] - Iteration    32 | Train loss: 4.52 | Time taken:  0.00/ 0.28/ 0.28 sec | GPU memory: 82.1 GB | Global sample ID: 48735
[2025-03-22 22:15:13,644][trainer][INFO] - Iteration    33 | Train loss: 4.69 | Time taken:  0.00/ 0.28/ 0.29 sec | GPU memory: 82.1 GB | Global sample ID: 52716
[2025-03-22 22:15:14,070][trainer][INFO] - Iteration    34 | Train loss: 4.39 | Time taken:  0.00/ 0.28/ 0.28 sec | GPU memory: 82.1 GB | Global sample ID: 35442
[2025-03-22 22:15:14,466][trainer][INFO] - Iteration    35 | Train loss: 4.57 | Time taken:  0.00/ 0.29/ 0.29 sec | GPU memory: 82.1 GB | Global sample ID: 28555
[2025-03-22 22:15:15,120][trainer][INFO] - Iteration    36 | Train loss: 4.57 | Time taken:  0.00/ 0.28/ 0.28 sec | GPU memory: 82.1 GB | Global sample ID: 52525
[2025-03-22 22:15:15,507][trainer][INFO] - Iteration    37 | Train loss: 4.29 | Time taken:  0.00/ 0.28/ 0.28 sec | GPU memory: 82.1 GB | Global sample ID: 53105
[2025-03-22 22:15:15,908][trainer][INFO] - Iteration    38 | Train loss: 4.58 | Time taken:  0.00/ 0.28/ 0.28 sec | GPU memory: 82.1 GB | Global sample ID: 2872
[2025-03-22 22:15:16,300][trainer][INFO] - Iteration    39 | Train loss: 4.42 | Time taken:  0.00/ 0.28/ 0.28 sec | GPU memory: 82.1 GB | Global sample ID: 46733
[2025-03-22 22:15:16,692][trainer][INFO] - Iteration    40 | Train loss: 4.54 | Time taken:  0.00/ 0.28/ 0.28 sec | GPU memory: 82.1 GB | Global sample ID: 26205
[2025-03-22 22:15:17,085][trainer][INFO] - Iteration    41 | Train loss: 4.42 | Time taken:  0.00/ 0.28/ 0.28 sec | GPU memory: 82.1 GB | Global sample ID: 50900
[2025-03-22 22:15:17,485][trainer][INFO] - Iteration    42 | Train loss: 4.27 | Time taken:  0.00/ 0.28/ 0.28 sec | GPU memory: 82.1 GB | Global sample ID: 40652
[2025-03-22 22:15:17,879][trainer][INFO] - Iteration    43 | Train loss: 4.10 | Time taken:  0.00/ 0.28/ 0.28 sec | GPU memory: 82.1 GB | Global sample ID: 20630
[2025-03-22 22:15:18,294][trainer][INFO] - Iteration    44 | Train loss: 4.07 | Time taken:  0.00/ 0.28/ 0.28 sec | GPU memory: 82.1 GB | Global sample ID: 43052
[2025-03-22 22:15:18,686][trainer][INFO] - Iteration    45 | Train loss: 4.02 | Time taken:  0.00/ 0.28/ 0.28 sec | GPU memory: 82.1 GB | Global sample ID: 5155
[2025-03-22 22:15:19,080][trainer][INFO] - Iteration    46 | Train loss: 4.15 | Time taken:  0.00/ 0.28/ 0.29 sec | GPU memory: 82.1 GB | Global sample ID: 28846
[2025-03-22 22:15:19,586][trainer][INFO] - Iteration    47 | Train loss: 3.99 | Time taken:  0.00/ 0.28/ 0.28 sec | GPU memory: 82.1 GB | Global sample ID: 43929
[2025-03-22 22:15:20,261][trainer][INFO] - Iteration    48 | Train loss: 4.00 | Time taken:  0.00/ 0.28/ 0.28 sec | GPU memory: 82.1 GB | Global sample ID: 12607
[2025-03-22 22:15:20,654][trainer][INFO] - Iteration    49 | Train loss: 4.00 | Time taken:  0.00/ 0.28/ 0.29 sec | GPU memory: 82.1 GB | Global sample ID: 30861
[2025-03-22 22:15:21,052][trainer][INFO] - Iteration    50 | Train loss: 3.86 | Time taken:  0.00/ 0.28/ 0.28 sec | GPU memory: 82.1 GB | Global sample ID: 45256
Error executing job with overrides: ['checkpoint.enabled=False', 'datapipe.seed=21', 'schedule.phase1.iterations=100', 'schedule.phase1.lr_end=0.01', 'schedule.phase1.lr_start=0.001', 'schedule.phase2.iterations=1000', 'schedule.phase2.lr_objective=0.005', 'schedule.phase3.iterations=200', 'schedule.phase3.lr=0.0001', 'schedule.phase3.rollout_steps_increments=1']
Traceback (most recent call last):
  File "/iopsstor/scratch/cscs/stefschu/DSM500_FPR/modulus-baseline/train_graphcast.py", line 77, in main
    test_sample = next(iterator_testing)
  File "/iopsstor/scratch/cscs/stefschu/DSM500_FPR/modulus-baseline/modulus/datapipes/era5_hdf5.py", line 228, in __iter__
    _pipeline = dali_pth.DALIGenericIterator([self.pipe], [
  File "/usr/local/lib/python3.10/dist-packages/nvidia/dali/plugin/pytorch/__init__.py", line 224, in __init__
    self._first_batch = DALIGenericIterator.__next__(self)
  File "/usr/local/lib/python3.10/dist-packages/nvidia/dali/plugin/pytorch/__init__.py", line 239, in __next__
    outputs = self._get_outputs()
  File "/usr/local/lib/python3.10/dist-packages/nvidia/dali/plugin/base_iterator.py", line 385, in _get_outputs
    outputs.append(p.share_outputs())
  File "/usr/local/lib/python3.10/dist-packages/nvidia/dali/pipeline.py", line 1215, in share_outputs
    return self._pipe.ShareOutputs()
RuntimeError: Critical error in pipeline:
Error in MIXED operator `nvidia.dali.ops.MakeContiguous` encountered:

Can't allocate 1158676480 bytes on device 0.
Current pipeline object is no longer valid.

Set the environment variable HYDRA_FULL_ERROR=1 for a complete stack trace.
Error executing job with overrides: ['checkpoint.enabled=False', 'datapipe.seed=21', 'schedule.phase1.iterations=100', 'schedule.phase1.lr_end=0.01', 'schedule.phase1.lr_start=0.001', 'schedule.phase2.iterations=1000', 'schedule.phase2.lr_objective=0.005', 'schedule.phase3.iterations=200', 'schedule.phase3.lr=0.0001', 'schedule.phase3.rollout_steps_increments=1']
Traceback (most recent call last):
  File "/iopsstor/scratch/cscs/stefschu/DSM500_FPR/modulus-baseline/train_graphcast.py", line 77, in main
    test_sample = next(iterator_testing)
  File "/iopsstor/scratch/cscs/stefschu/DSM500_FPR/modulus-baseline/modulus/datapipes/era5_hdf5.py", line 228, in __iter__
    _pipeline = dali_pth.DALIGenericIterator([self.pipe], [
  File "/usr/local/lib/python3.10/dist-packages/nvidia/dali/plugin/pytorch/__init__.py", line 224, in __init__
    self._first_batch = DALIGenericIterator.__next__(self)
  File "/usr/local/lib/python3.10/dist-packages/nvidia/dali/plugin/pytorch/__init__.py", line 239, in __next__
    outputs = self._get_outputs()
  File "/usr/local/lib/python3.10/dist-packages/nvidia/dali/plugin/base_iterator.py", line 385, in _get_outputs
    outputs.append(p.share_outputs())
  File "/usr/local/lib/python3.10/dist-packages/nvidia/dali/pipeline.py", line 1215, in share_outputs
    return self._pipe.ShareOutputs()
RuntimeError: Critical error in pipeline:
Error in MIXED operator `nvidia.dali.ops.MakeContiguous` encountered:

Can't allocate 1158676480 bytes on device 2.
Current pipeline object is no longer valid.

Set the environment variable HYDRA_FULL_ERROR=1 for a complete stack trace.
[rank0]:[E322 22:25:29.497562083 ProcessGroupNCCL.cpp:616] [Rank 0] Watchdog caught collective operation timeout: WorkNCCL(SeqNum=201, OpType=ALLREDUCE, NumelIn=1, NumelOut=1, Timeout(ms)=600000) ran for 600033 milliseconds before timing out.
[rank0]:[E322 22:25:29.499337381 ProcessGroupNCCL.cpp:1795] [PG ID 0 PG GUID 0(default_pg) Rank 0] Exception (either an error or timeout) detected by watchdog at work: 201, last enqueued NCCL work: 201, last completed NCCL work: 200.
[rank0]:[E322 22:25:29.499343653 ProcessGroupNCCL.cpp:1844] [PG ID 0 PG GUID 0(default_pg) Rank 0] Timeout at NCCL work: 201, last enqueued NCCL work: 201, last completed NCCL work: 200.
[rank0]:[E322 22:25:29.499348517 ProcessGroupNCCL.cpp:630] [Rank 0] Some NCCL operations have failed or timed out. Due to the asynchronous nature of CUDA kernels, subsequent GPU operations might run on corrupted/incomplete data.
[rank2]:[E322 22:25:29.509452706 ProcessGroupNCCL.cpp:616] [Rank 2] Watchdog caught collective operation timeout: WorkNCCL(SeqNum=201, OpType=ALLREDUCE, NumelIn=1, NumelOut=1, Timeout(ms)=600000) ran for 600009 milliseconds before timing out.
[rank2]:[E322 22:25:29.509514912 ProcessGroupNCCL.cpp:1795] [PG ID 0 PG GUID 0(default_pg) Rank 2] Exception (either an error or timeout) detected by watchdog at work: 201, last enqueued NCCL work: 201, last completed NCCL work: 200.
[rank2]:[E322 22:25:29.509519840 ProcessGroupNCCL.cpp:1844] [PG ID 0 PG GUID 0(default_pg) Rank 2] Timeout at NCCL work: 201, last enqueued NCCL work: 201, last completed NCCL work: 200.
[rank2]:[E322 22:25:29.509523552 ProcessGroupNCCL.cpp:630] [Rank 2] Some NCCL operations have failed or timed out. Due to the asynchronous nature of CUDA kernels, subsequent GPU operations might run on corrupted/incomplete data.
[rank3]:[E322 22:25:30.533024750 ProcessGroupNCCL.cpp:616] [Rank 3] Watchdog caught collective operation timeout: WorkNCCL(SeqNum=201, OpType=ALLREDUCE, NumelIn=537109, NumelOut=537109, Timeout(ms)=600000) ran for 600092 milliseconds before timing out.
[rank3]:[E322 22:25:30.533085388 ProcessGroupNCCL.cpp:1795] [PG ID 0 PG GUID 0(default_pg) Rank 3] Exception (either an error or timeout) detected by watchdog at work: 201, last enqueued NCCL work: 204, last completed NCCL work: 200.
[rank3]:[E322 22:25:30.533089868 ProcessGroupNCCL.cpp:1844] [PG ID 0 PG GUID 0(default_pg) Rank 3] Timeout at NCCL work: 201, last enqueued NCCL work: 204, last completed NCCL work: 200.
[rank3]:[E322 22:25:30.533092876 ProcessGroupNCCL.cpp:630] [Rank 3] Some NCCL operations have failed or timed out. Due to the asynchronous nature of CUDA kernels, subsequent GPU operations might run on corrupted/incomplete data.
[rank1]:[E322 22:25:30.812788139 ProcessGroupNCCL.cpp:616] [Rank 1] Watchdog caught collective operation timeout: WorkNCCL(SeqNum=201, OpType=ALLREDUCE, NumelIn=537109, NumelOut=537109, Timeout(ms)=600000) ran for 600008 milliseconds before timing out.
[rank1]:[E322 22:25:30.812952261 ProcessGroupNCCL.cpp:1795] [PG ID 0 PG GUID 0(default_pg) Rank 1] Exception (either an error or timeout) detected by watchdog at work: 201, last enqueued NCCL work: 204, last completed NCCL work: 200.
[rank1]:[E322 22:25:30.812959941 ProcessGroupNCCL.cpp:1844] [PG ID 0 PG GUID 0(default_pg) Rank 1] Timeout at NCCL work: 201, last enqueued NCCL work: 204, last completed NCCL work: 200.
[rank1]:[E322 22:25:30.812966181 ProcessGroupNCCL.cpp:630] [Rank 1] Some NCCL operations have failed or timed out. Due to the asynchronous nature of CUDA kernels, subsequent GPU operations might run on corrupted/incomplete data.
[rank3]:[E322 22:37:47.619929888 ProcessGroupNCCL.cpp:1496] [PG ID 0 PG GUID 0(default_pg) Rank 3] ProcessGroupNCCL's watchdog got stuck for 480 seconds without making progress in monitoring enqueued collectives. This typically indicates a NCCL/CUDA API (e.g., CudaEventDestroy) hang blocking the watchdog, and could be triggered by another thread holding the GIL inside a CUDA api (for example, CudaEventDestroy), or other deadlock-prone behaviors.If you suspect the watchdog is not actually stuck and a longer timeout would help, you can either increase the timeout (TORCH_NCCL_HEARTBEAT_TIMEOUT_SEC) to a larger value or disable the heartbeat monitor (TORCH_NCCL_ENABLE_MONITORING=0).If either of aforementioned helps, feel free to file an issue to PyTorch about the short timeout or false positive abort; otherwise, please attempt to debug the hang. 
[rank1]:[E322 22:37:47.620209110 ProcessGroupNCCL.cpp:1496] [PG ID 0 PG GUID 0(default_pg) Rank 1] ProcessGroupNCCL's watchdog got stuck for 480 seconds without making progress in monitoring enqueued collectives. This typically indicates a NCCL/CUDA API (e.g., CudaEventDestroy) hang blocking the watchdog, and could be triggered by another thread holding the GIL inside a CUDA api (for example, CudaEventDestroy), or other deadlock-prone behaviors.If you suspect the watchdog is not actually stuck and a longer timeout would help, you can either increase the timeout (TORCH_NCCL_HEARTBEAT_TIMEOUT_SEC) to a larger value or disable the heartbeat monitor (TORCH_NCCL_ENABLE_MONITORING=0).If either of aforementioned helps, feel free to file an issue to PyTorch about the short timeout or false positive abort; otherwise, please attempt to debug the hang. 
slurmstepd: error: *** STEP 293552.0 ON nid005006 CANCELLED AT 2025-03-22T22:42:52 DUE TO TIME LIMIT ***
slurmstepd: error: *** JOB 293552 ON nid005006 CANCELLED AT 2025-03-22T22:42:52 DUE TO TIME LIMIT ***
