wandb: Starting wandb agent ðŸ•µï¸
2025-03-22 21:02:34,749 - wandb.wandb_agent - INFO - Running runs: []
2025-03-22 21:02:35,011 - wandb.wandb_agent - INFO - Agent received command: run
2025-03-22 21:02:35,013 - wandb.wandb_agent - INFO - Agent starting run with config:
	checkpoint.enabled: False
	datapipe.seed: 42
	schedule.phase1.iterations: 100
	schedule.phase1.lr_end: 0.1
	schedule.phase1.lr_start: 0.005
	schedule.phase2.iterations: 100
	schedule.phase2.lr_objective: 0.005
	schedule.phase3.iterations: 100
	schedule.phase3.lr: 0.005
	schedule.phase3.rollout_steps_increments: 4
2025-03-22 21:02:35,016 - wandb.wandb_agent - INFO - About to run command: python -m torch.distributed.run --nnodes=1 --nproc_per_node=4 train_graphcast.py checkpoint.enabled=False datapipe.seed=42 schedule.phase1.iterations=100 schedule.phase1.lr_end=0.1 schedule.phase1.lr_start=0.005 schedule.phase2.iterations=100 schedule.phase2.lr_objective=0.005 schedule.phase3.iterations=100 schedule.phase3.lr=0.005 schedule.phase3.rollout_steps_increments=4
2025-03-22 21:02:40,024 - wandb.wandb_agent - INFO - Running runs: ['hxcl7oz4']
[2025-03-22 21:02:59,847][main][INFO] - [94mRank: 1, Device: cuda:1[0m
[2025-03-22 21:02:59,847][main][INFO] - [94mRank: 3, Device: cuda:3[0m
[2025-03-22 21:02:59,847][main][INFO] - [94mRank: 2, Device: cuda:2[0m
[2025-03-22 21:02:59,854][main][INFO] - [94mRank: 0, Device: cuda:0[0m
wandb: WARNING Unable to verify login in offline mode.
wandb: WARNING Ignoring project 'DSM500_FPR' when running a sweep.
wandb: WARNING Ignoring entity 'schups' when running a sweep.
wandb: Tracking run with wandb version 0.19.8
wandb: Run data is saved locally in /iopsstor/scratch/cscs/stefschu/DSM500_FPR/modulus-baseline/wandb/wandb/run-20250322_210300-hxcl7oz4
wandb: Run `wandb offline` to turn off syncing.
wandb: Syncing run Baseline_64328_25/03/22_21:02:59_RUN_01
wandb: â­ï¸ View project at https://wandb.ai/schups/DSM500_FPR
wandb: ðŸ§¹ View sweep at https://wandb.ai/schups/DSM500_FPR/sweeps/mpgn79e1
wandb: ðŸš€ View run at https://wandb.ai/schups/DSM500_FPR/runs/hxcl7oz4
[2025-03-22 21:03:01,678][trainer][INFO] - [94mSetting seed to 42[0m
[2025-03-22 21:03:01,729][cache][INFO] - [94mLoading cache for 'meshes'.[0m
[2025-03-22 21:03:01,729][cache][INFO] - [94mChecking if 'meshes' is cached.[0m
[2025-03-22 21:03:01,730][cache][INFO] - [94m-> HIT! '/iopsstor/scratch/cscs/stefschu/DSM500_FPR/cache/icosahedron_meshes.pickled' exists.[0m
[2025-03-22 21:03:01,731][cache][INFO] - [94m-> Checking guard 'MeshesCacheGuard'.[0m
[2025-03-22 21:03:06,160][trainer][INFO] - [94mModel created. Trainable parameters count is 35'248'149[0m
[2025-03-22 21:03:11,857][trainer][INFO] - [92mLoaded train datapipe of size 53'947 samples[0m
[2025-03-22 21:03:13,602][trainer][INFO] - [92mLoaded test datapipe of size 2'903 samples[0m
[2025-03-22 21:03:13,605][main][INFO] - [94mInitializing dataloaders...[0m
[2025-03-22 21:03:13,605][main][INFO] - [94mTraining started...[0m
[2025-03-22 21:04:07,493][trainer][INFO] - Iteration     1 | Train loss: 3.98 | Time taken:  8.17/45.72/53.89 sec | GPU memory: 79.1 GB | Global sample ID: 35335
[2025-03-22 21:04:08,071][trainer][INFO] - Iteration     2 | Train loss: 3.70 | Time taken:  0.00/ 0.28/ 0.28 sec | GPU memory: 82.1 GB | Global sample ID: 39950
[2025-03-22 21:04:08,469][trainer][INFO] - Iteration     3 | Train loss: 3.52 | Time taken:  0.00/ 0.29/ 0.29 sec | GPU memory: 82.1 GB | Global sample ID: 17002
[2025-03-22 21:04:09,044][trainer][INFO] - Iteration     4 | Train loss: 3.59 | Time taken:  0.00/ 0.31/ 0.31 sec | GPU memory: 82.1 GB | Global sample ID: 19918
[2025-03-22 21:04:09,431][trainer][INFO] - Iteration     5 | Train loss: 3.60 | Time taken:  0.00/ 0.28/ 0.28 sec | GPU memory: 82.1 GB | Global sample ID: 15961
[2025-03-22 21:04:09,832][trainer][INFO] - Iteration     6 | Train loss: 3.59 | Time taken:  0.00/ 0.28/ 0.28 sec | GPU memory: 82.1 GB | Global sample ID: 11951
[2025-03-22 21:04:10,231][trainer][INFO] - Iteration     7 | Train loss: 3.53 | Time taken:  0.00/ 0.29/ 0.29 sec | GPU memory: 82.1 GB | Global sample ID: 13377
[2025-03-22 21:04:10,849][trainer][INFO] - Iteration     8 | Train loss: 3.18 | Time taken:  0.00/ 0.44/ 0.44 sec | GPU memory: 82.1 GB | Global sample ID: 25632
[2025-03-22 21:04:11,283][trainer][INFO] - Iteration     9 | Train loss: 3.17 | Time taken:  0.00/ 0.28/ 0.28 sec | GPU memory: 82.1 GB | Global sample ID: 18934
[2025-03-22 21:04:11,679][trainer][INFO] - Iteration    10 | Train loss: 2.98 | Time taken:  0.00/ 0.29/ 0.29 sec | GPU memory: 82.1 GB | Global sample ID: 15906
[2025-03-22 21:04:12,139][trainer][INFO] - Iteration    11 | Train loss: 2.82 | Time taken:  0.00/ 0.28/ 0.28 sec | GPU memory: 82.1 GB | Global sample ID: 46823
[2025-03-22 21:04:12,536][trainer][INFO] - Iteration    12 | Train loss: 2.65 | Time taken:  0.00/ 0.29/ 0.29 sec | GPU memory: 82.1 GB | Global sample ID: 15819
[2025-03-22 21:04:12,935][trainer][INFO] - Iteration    13 | Train loss: 2.28 | Time taken:  0.00/ 0.29/ 0.29 sec | GPU memory: 82.1 GB | Global sample ID: 48235
[2025-03-22 21:04:13,332][trainer][INFO] - Iteration    14 | Train loss: 2.01 | Time taken:  0.00/ 0.29/ 0.29 sec | GPU memory: 82.1 GB | Global sample ID: 16177
[2025-03-22 21:04:13,732][trainer][INFO] - Iteration    15 | Train loss: 1.70 | Time taken:  0.00/ 0.29/ 0.29 sec | GPU memory: 82.1 GB | Global sample ID: 9930
[2025-03-22 21:04:14,132][trainer][INFO] - Iteration    16 | Train loss: 1.35 | Time taken:  0.00/ 0.29/ 0.29 sec | GPU memory: 82.1 GB | Global sample ID: 41644
[2025-03-22 21:04:14,534][trainer][INFO] - Iteration    17 | Train loss: 1.13 | Time taken:  0.00/ 0.29/ 0.29 sec | GPU memory: 82.1 GB | Global sample ID: 3496
[2025-03-22 21:04:14,931][trainer][INFO] - Iteration    18 | Train loss: 0.99 | Time taken:  0.00/ 0.29/ 0.29 sec | GPU memory: 82.1 GB | Global sample ID: 5381
[2025-03-22 21:04:15,329][trainer][INFO] - Iteration    19 | Train loss: 0.81 | Time taken:  0.00/ 0.29/ 0.29 sec | GPU memory: 82.1 GB | Global sample ID: 14034
[2025-03-22 21:04:15,729][trainer][INFO] - Iteration    20 | Train loss: 0.70 | Time taken:  0.00/ 0.29/ 0.29 sec | GPU memory: 82.1 GB | Global sample ID: 13919
[2025-03-22 21:04:16,128][trainer][INFO] - Iteration    21 | Train loss: 0.55 | Time taken:  0.00/ 0.29/ 0.29 sec | GPU memory: 82.1 GB | Global sample ID: 50601
[2025-03-22 21:04:16,558][trainer][INFO] - Iteration    22 | Train loss: 0.54 | Time taken:  0.00/ 0.28/ 0.28 sec | GPU memory: 82.1 GB | Global sample ID: 3080
[2025-03-22 21:04:17,025][trainer][INFO] - Iteration    23 | Train loss: 0.41 | Time taken:  0.00/ 0.28/ 0.29 sec | GPU memory: 82.1 GB | Global sample ID: 37483
[2025-03-22 21:04:17,424][trainer][INFO] - Iteration    24 | Train loss: 0.43 | Time taken:  0.00/ 0.29/ 0.29 sec | GPU memory: 82.1 GB | Global sample ID: 20487
[2025-03-22 21:04:17,823][trainer][INFO] - Iteration    25 | Train loss: 0.33 | Time taken:  0.00/ 0.29/ 0.29 sec | GPU memory: 82.1 GB | Global sample ID: 50335
[2025-03-22 21:04:18,262][trainer][INFO] - Iteration    26 | Train loss: 0.32 | Time taken:  0.00/ 0.28/ 0.28 sec | GPU memory: 82.1 GB | Global sample ID: 33107
[2025-03-22 21:04:18,664][trainer][INFO] - Iteration    27 | Train loss: 0.29 | Time taken:  0.00/ 0.29/ 0.29 sec | GPU memory: 82.1 GB | Global sample ID: 8050
[2025-03-22 21:04:19,062][trainer][INFO] - Iteration    28 | Train loss: 0.31 | Time taken:  0.00/ 0.29/ 0.29 sec | GPU memory: 82.1 GB | Global sample ID: 6767
[2025-03-22 21:04:19,468][trainer][INFO] - Iteration    29 | Train loss: 0.31 | Time taken:  0.00/ 0.29/ 0.29 sec | GPU memory: 82.1 GB | Global sample ID: 17381
[2025-03-22 21:04:19,872][trainer][INFO] - Iteration    30 | Train loss: 0.26 | Time taken:  0.00/ 0.29/ 0.29 sec | GPU memory: 82.1 GB | Global sample ID: 18720
[2025-03-22 21:04:20,270][trainer][INFO] - Iteration    31 | Train loss: 0.24 | Time taken:  0.00/ 0.29/ 0.29 sec | GPU memory: 82.1 GB | Global sample ID: 3462
[2025-03-22 21:04:20,671][trainer][INFO] - Iteration    32 | Train loss: 0.24 | Time taken:  0.00/ 0.29/ 0.29 sec | GPU memory: 82.1 GB | Global sample ID: 43268
[2025-03-22 21:04:21,070][trainer][INFO] - Iteration    33 | Train loss: 0.27 | Time taken:  0.00/ 0.29/ 0.29 sec | GPU memory: 82.1 GB | Global sample ID: 10175
[2025-03-22 21:04:21,471][trainer][INFO] - Iteration    34 | Train loss: 0.22 | Time taken:  0.00/ 0.29/ 0.29 sec | GPU memory: 82.1 GB | Global sample ID: 15632
[2025-03-22 21:04:21,869][trainer][INFO] - Iteration    35 | Train loss: 0.21 | Time taken:  0.00/ 0.29/ 0.29 sec | GPU memory: 82.1 GB | Global sample ID: 25503
[2025-03-22 21:04:22,279][trainer][INFO] - Iteration    36 | Train loss: 0.21 | Time taken:  0.00/ 0.29/ 0.30 sec | GPU memory: 82.1 GB | Global sample ID: 1375
[2025-03-22 21:04:22,673][trainer][INFO] - Iteration    37 | Train loss: 0.20 | Time taken:  0.00/ 0.28/ 0.29 sec | GPU memory: 82.1 GB | Global sample ID: 17910
[2025-03-22 21:04:23,069][trainer][INFO] - Iteration    38 | Train loss: 0.20 | Time taken:  0.00/ 0.29/ 0.29 sec | GPU memory: 82.1 GB | Global sample ID: 33040
[2025-03-22 21:04:23,518][trainer][INFO] - Iteration    39 | Train loss: 0.19 | Time taken:  0.00/ 0.28/ 0.28 sec | GPU memory: 82.1 GB | Global sample ID: 44623
[2025-03-22 21:04:23,966][trainer][INFO] - Iteration    40 | Train loss: 0.18 | Time taken:  0.00/ 0.28/ 0.29 sec | GPU memory: 82.1 GB | Global sample ID: 38909
[2025-03-22 21:04:24,365][trainer][INFO] - Iteration    41 | Train loss: 0.18 | Time taken:  0.00/ 0.29/ 0.29 sec | GPU memory: 82.1 GB | Global sample ID: 37918
[2025-03-22 21:04:24,823][trainer][INFO] - Iteration    42 | Train loss: 0.19 | Time taken:  0.00/ 0.28/ 0.29 sec | GPU memory: 82.1 GB | Global sample ID: 9131
[2025-03-22 21:04:25,225][trainer][INFO] - Iteration    43 | Train loss: 0.16 | Time taken:  0.00/ 0.29/ 0.29 sec | GPU memory: 82.1 GB | Global sample ID: 6797
[2025-03-22 21:04:25,624][trainer][INFO] - Iteration    44 | Train loss: 0.16 | Time taken:  0.00/ 0.29/ 0.29 sec | GPU memory: 82.1 GB | Global sample ID: 9661
[2025-03-22 21:04:26,090][trainer][INFO] - Iteration    45 | Train loss: 0.14 | Time taken:  0.00/ 0.28/ 0.28 sec | GPU memory: 82.1 GB | Global sample ID: 38496
[2025-03-22 21:04:26,487][trainer][INFO] - Iteration    46 | Train loss: 0.15 | Time taken:  0.00/ 0.29/ 0.29 sec | GPU memory: 82.1 GB | Global sample ID: 38616
[2025-03-22 21:04:26,930][trainer][INFO] - Iteration    47 | Train loss: 0.16 | Time taken:  0.00/ 0.28/ 0.29 sec | GPU memory: 82.1 GB | Global sample ID: 30779
[2025-03-22 21:04:27,329][trainer][INFO] - Iteration    48 | Train loss: 0.14 | Time taken:  0.00/ 0.29/ 0.29 sec | GPU memory: 82.1 GB | Global sample ID: 20689
[2025-03-22 21:04:27,730][trainer][INFO] - Iteration    49 | Train loss: 0.13 | Time taken:  0.00/ 0.29/ 0.29 sec | GPU memory: 82.1 GB | Global sample ID: 47508
[2025-03-22 21:04:28,135][trainer][INFO] - Iteration    50 | Train loss: 0.13 | Time taken:  0.00/ 0.28/ 0.28 sec | GPU memory: 82.1 GB | Global sample ID: 14450
[2025-03-22 21:04:37,551][trainer][INFO] - [94mIteration    50 | Test MSE:   1.01 | Time taken:  8.10/ 1.31/ 9.41 sec | GPU memory: 82.1 GB | Global sample ID: 1771[0m
[2025-03-22 21:04:37,945][trainer][INFO] - Iteration    51 | Train loss: 0.14 | Time taken:  0.00/ 0.28/ 0.29 sec | GPU memory: 82.1 GB | Global sample ID: 15861
[2025-03-22 21:04:38,373][trainer][INFO] - Iteration    52 | Train loss: 0.12 | Time taken:  0.00/ 0.28/ 0.28 sec | GPU memory: 82.1 GB | Global sample ID: 35872
[2025-03-22 21:04:38,781][trainer][INFO] - Iteration    53 | Train loss: 0.14 | Time taken:  0.00/ 0.28/ 0.29 sec | GPU memory: 82.1 GB | Global sample ID: 36771
[2025-03-22 21:04:39,179][trainer][INFO] - Iteration    54 | Train loss: 0.12 | Time taken:  0.00/ 0.29/ 0.29 sec | GPU memory: 82.1 GB | Global sample ID: 1985
[2025-03-22 21:04:39,582][trainer][INFO] - Iteration    55 | Train loss: 0.12 | Time taken:  0.00/ 0.29/ 0.29 sec | GPU memory: 82.1 GB | Global sample ID: 11303
[2025-03-22 21:04:40,000][trainer][INFO] - Iteration    56 | Train loss: 0.12 | Time taken:  0.00/ 0.28/ 0.29 sec | GPU memory: 82.1 GB | Global sample ID: 534
[2025-03-22 21:04:40,424][trainer][INFO] - Iteration    57 | Train loss: 0.13 | Time taken:  0.00/ 0.28/ 0.29 sec | GPU memory: 82.1 GB | Global sample ID: 4416
[2025-03-22 21:04:40,837][trainer][INFO] - Iteration    58 | Train loss: 0.11 | Time taken:  0.00/ 0.28/ 0.28 sec | GPU memory: 82.1 GB | Global sample ID: 1157
[2025-03-22 21:04:41,232][trainer][INFO] - Iteration    59 | Train loss: 0.12 | Time taken:  0.00/ 0.29/ 0.29 sec | GPU memory: 82.1 GB | Global sample ID: 17303
[2025-03-22 21:04:41,675][trainer][INFO] - Iteration    60 | Train loss: 0.13 | Time taken:  0.00/ 0.28/ 0.28 sec | GPU memory: 82.1 GB | Global sample ID: 40927
[2025-03-22 21:04:42,072][trainer][INFO] - Iteration    61 | Train loss: 0.11 | Time taken:  0.00/ 0.29/ 0.29 sec | GPU memory: 82.1 GB | Global sample ID: 42624
[2025-03-22 21:04:42,470][trainer][INFO] - Iteration    62 | Train loss: 0.11 | Time taken:  0.00/ 0.29/ 0.29 sec | GPU memory: 82.1 GB | Global sample ID: 36050
[2025-03-22 21:04:42,872][trainer][INFO] - Iteration    63 | Train loss: 0.10 | Time taken:  0.00/ 0.28/ 0.29 sec | GPU memory: 82.1 GB | Global sample ID: 22631
[2025-03-22 21:04:43,279][trainer][INFO] - Iteration    64 | Train loss: 0.09 | Time taken:  0.00/ 0.28/ 0.29 sec | GPU memory: 82.1 GB | Global sample ID: 7939
[2025-03-22 21:04:43,675][trainer][INFO] - Iteration    65 | Train loss: 0.11 | Time taken:  0.00/ 0.29/ 0.29 sec | GPU memory: 82.1 GB | Global sample ID: 29267
[2025-03-22 21:04:44,079][trainer][INFO] - Iteration    66 | Train loss: 0.09 | Time taken:  0.00/ 0.28/ 0.29 sec | GPU memory: 82.1 GB | Global sample ID: 44438
[2025-03-22 21:04:44,517][trainer][INFO] - Iteration    67 | Train loss: 0.08 | Time taken:  0.00/ 0.28/ 0.29 sec | GPU memory: 82.1 GB | Global sample ID: 18328
[2025-03-22 21:04:45,081][trainer][INFO] - Iteration    68 | Train loss: 0.09 | Time taken:  0.00/ 0.31/ 0.31 sec | GPU memory: 82.1 GB | Global sample ID: 27102
[2025-03-22 21:04:45,474][trainer][INFO] - Iteration    69 | Train loss: 0.08 | Time taken:  0.00/ 0.28/ 0.28 sec | GPU memory: 82.1 GB | Global sample ID: 49116
[2025-03-22 21:04:45,875][trainer][INFO] - Iteration    70 | Train loss: 0.10 | Time taken:  0.00/ 0.29/ 0.29 sec | GPU memory: 82.1 GB | Global sample ID: 11705
[2025-03-22 21:04:46,271][trainer][INFO] - Iteration    71 | Train loss: 0.07 | Time taken:  0.00/ 0.29/ 0.29 sec | GPU memory: 82.1 GB | Global sample ID: 17093
[2025-03-22 21:04:46,683][trainer][INFO] - Iteration    72 | Train loss: 0.07 | Time taken:  0.00/ 0.28/ 0.29 sec | GPU memory: 82.1 GB | Global sample ID: 10806
[2025-03-22 21:04:47,080][trainer][INFO] - Iteration    73 | Train loss: 0.08 | Time taken:  0.00/ 0.29/ 0.29 sec | GPU memory: 82.1 GB | Global sample ID: 25169
[2025-03-22 21:04:47,491][trainer][INFO] - Iteration    74 | Train loss: 0.07 | Time taken:  0.00/ 0.29/ 0.29 sec | GPU memory: 82.1 GB | Global sample ID: 6328
[2025-03-22 21:04:47,887][trainer][INFO] - Iteration    75 | Train loss: 0.07 | Time taken:  0.00/ 0.29/ 0.29 sec | GPU memory: 82.1 GB | Global sample ID: 26622
[2025-03-22 21:04:48,328][trainer][INFO] - Iteration    76 | Train loss: 0.08 | Time taken:  0.00/ 0.29/ 0.29 sec | GPU memory: 82.1 GB | Global sample ID: 42496
[2025-03-22 21:04:48,729][trainer][INFO] - Iteration    77 | Train loss: 0.08 | Time taken:  0.00/ 0.29/ 0.29 sec | GPU memory: 82.1 GB | Global sample ID: 26438
[2025-03-22 21:04:49,128][trainer][INFO] - Iteration    78 | Train loss: 0.07 | Time taken:  0.00/ 0.29/ 0.29 sec | GPU memory: 82.1 GB | Global sample ID: 7605
[2025-03-22 21:04:49,529][trainer][INFO] - Iteration    79 | Train loss: 0.06 | Time taken:  0.00/ 0.29/ 0.29 sec | GPU memory: 82.1 GB | Global sample ID: 52589
[2025-03-22 21:04:49,929][trainer][INFO] - Iteration    80 | Train loss: 0.06 | Time taken:  0.00/ 0.29/ 0.29 sec | GPU memory: 82.1 GB | Global sample ID: 36179
[2025-03-22 21:04:50,328][trainer][INFO] - Iteration    81 | Train loss: 0.06 | Time taken:  0.00/ 0.29/ 0.29 sec | GPU memory: 82.1 GB | Global sample ID: 50318
[2025-03-22 21:04:50,781][trainer][INFO] - Iteration    82 | Train loss: 0.06 | Time taken:  0.00/ 0.28/ 0.29 sec | GPU memory: 82.1 GB | Global sample ID: 28559
[2025-03-22 21:04:51,195][trainer][INFO] - Iteration    83 | Train loss: 0.06 | Time taken:  0.00/ 0.29/ 0.29 sec | GPU memory: 82.1 GB | Global sample ID: 23227
[2025-03-22 21:04:51,594][trainer][INFO] - Iteration    84 | Train loss: 0.05 | Time taken:  0.00/ 0.29/ 0.29 sec | GPU memory: 82.1 GB | Global sample ID: 41831
[2025-03-22 21:04:52,048][trainer][INFO] - Iteration    85 | Train loss: 0.07 | Time taken:  0.00/ 0.28/ 0.29 sec | GPU memory: 82.1 GB | Global sample ID: 20443
[2025-03-22 21:04:52,446][trainer][INFO] - Iteration    86 | Train loss: 0.05 | Time taken:  0.00/ 0.29/ 0.29 sec | GPU memory: 82.1 GB | Global sample ID: 14645
[2025-03-22 21:04:52,845][trainer][INFO] - Iteration    87 | Train loss: 0.06 | Time taken:  0.00/ 0.29/ 0.29 sec | GPU memory: 82.1 GB | Global sample ID: 23523
[2025-03-22 21:04:53,250][trainer][INFO] - Iteration    88 | Train loss: 0.05 | Time taken:  0.00/ 0.29/ 0.29 sec | GPU memory: 82.1 GB | Global sample ID: 25472
[2025-03-22 21:04:53,649][trainer][INFO] - Iteration    89 | Train loss: 0.06 | Time taken:  0.00/ 0.29/ 0.29 sec | GPU memory: 82.1 GB | Global sample ID: 17294
[2025-03-22 21:04:54,136][trainer][INFO] - Iteration    90 | Train loss: 0.06 | Time taken:  0.00/ 0.28/ 0.28 sec | GPU memory: 82.1 GB | Global sample ID: 27587
[2025-03-22 21:04:54,574][trainer][INFO] - Iteration    91 | Train loss: 0.06 | Time taken:  0.00/ 0.28/ 0.28 sec | GPU memory: 82.1 GB | Global sample ID: 19261
[2025-03-22 21:04:54,977][trainer][INFO] - Iteration    92 | Train loss: 0.04 | Time taken:  0.00/ 0.29/ 0.29 sec | GPU memory: 82.1 GB | Global sample ID: 39580
[2025-03-22 21:04:55,378][trainer][INFO] - Iteration    93 | Train loss: 0.06 | Time taken:  0.00/ 0.29/ 0.29 sec | GPU memory: 82.1 GB | Global sample ID: 5901
[2025-03-22 21:04:55,777][trainer][INFO] - Iteration    94 | Train loss: 0.04 | Time taken:  0.00/ 0.28/ 0.29 sec | GPU memory: 82.1 GB | Global sample ID: 34366
[2025-03-22 21:04:56,211][trainer][INFO] - Iteration    95 | Train loss: 0.07 | Time taken:  0.00/ 0.29/ 0.29 sec | GPU memory: 82.1 GB | Global sample ID: 5816
[2025-03-22 21:04:56,611][trainer][INFO] - Iteration    96 | Train loss: 0.08 | Time taken:  0.00/ 0.29/ 0.29 sec | GPU memory: 82.1 GB | Global sample ID: 10370
[2025-03-22 21:04:57,009][trainer][INFO] - Iteration    97 | Train loss: 0.07 | Time taken:  0.00/ 0.29/ 0.29 sec | GPU memory: 82.1 GB | Global sample ID: 50493
[2025-03-22 21:04:57,409][trainer][INFO] - Iteration    98 | Train loss: 0.04 | Time taken:  0.00/ 0.29/ 0.29 sec | GPU memory: 82.1 GB | Global sample ID: 31758
[2025-03-22 21:04:57,811][trainer][INFO] - Iteration    99 | Train loss: 0.04 | Time taken:  0.00/ 0.29/ 0.29 sec | GPU memory: 82.1 GB | Global sample ID: 21203
/usr/local/lib/python3.10/dist-packages/torch/optim/lr_scheduler.py:240: UserWarning: The epoch parameter in `scheduler.step()` was not necessary and is being deprecated where possible. Please use `scheduler.step()` to step the scheduler. During the deprecation, if epoch is different from None, the closed form is used instead of the new chainable form, where available. Please open an issue if you are unable to replicate your use case: https://github.com/pytorch/pytorch/issues/new/choose.
  warnings.warn(EPOCH_DEPRECATION_WARNING, UserWarning)
/usr/local/lib/python3.10/dist-packages/torch/optim/lr_scheduler.py:240: UserWarning: The epoch parameter in `scheduler.step()` was not necessary and is being deprecated where possible. Please use `scheduler.step()` to step the scheduler. During the deprecation, if epoch is different from None, the closed form is used instead of the new chainable form, where available. Please open an issue if you are unable to replicate your use case: https://github.com/pytorch/pytorch/issues/new/choose.
  warnings.warn(EPOCH_DEPRECATION_WARNING, UserWarning)
/usr/local/lib/python3.10/dist-packages/torch/optim/lr_scheduler.py:240: UserWarning: The epoch parameter in `scheduler.step()` was not necessary and is being deprecated where possible. Please use `scheduler.step()` to step the scheduler. During the deprecation, if epoch is different from None, the closed form is used instead of the new chainable form, where available. Please open an issue if you are unable to replicate your use case: https://github.com/pytorch/pytorch/issues/new/choose.
  warnings.warn(EPOCH_DEPRECATION_WARNING, UserWarning)
/usr/local/lib/python3.10/dist-packages/torch/optim/lr_scheduler.py:240: UserWarning: The epoch parameter in `scheduler.step()` was not necessary and is being deprecated where possible. Please use `scheduler.step()` to step the scheduler. During the deprecation, if epoch is different from None, the closed form is used instead of the new chainable form, where available. Please open an issue if you are unable to replicate your use case: https://github.com/pytorch/pytorch/issues/new/choose.
  warnings.warn(EPOCH_DEPRECATION_WARNING, UserWarning)
[2025-03-22 21:04:58,213][trainer][INFO] - Iteration   100 | Train loss: 0.05 | Time taken:  0.00/ 0.29/ 0.29 sec | GPU memory: 82.1 GB | Global sample ID: 5420
[2025-03-22 21:04:59,558][trainer][INFO] - [94mIteration   100 | Test MSE:   1.02 | Time taken:  0.00/ 1.28/ 1.29 sec | GPU memory: 82.1 GB | Global sample ID: 1196[0m
[2025-03-22 21:04:59,957][trainer][INFO] - Iteration   101 | Train loss: 0.05 | Time taken:  0.00/ 0.29/ 0.29 sec | GPU memory: 82.1 GB | Global sample ID: 33764
[2025-03-22 21:05:00,356][trainer][INFO] - Iteration   102 | Train loss: 5.71 | Time taken:  0.00/ 0.29/ 0.29 sec | GPU memory: 82.1 GB | Global sample ID: 2559
[2025-03-22 21:05:00,756][trainer][INFO] - Iteration   103 | Train loss: 25.98 | Time taken:  0.00/ 0.29/ 0.29 sec | GPU memory: 82.1 GB | Global sample ID: 36460
[2025-03-22 21:05:01,156][trainer][INFO] - Iteration   104 | Train loss: 2.94 | Time taken:  0.00/ 0.29/ 0.29 sec | GPU memory: 82.1 GB | Global sample ID: 43483
[2025-03-22 21:05:01,559][trainer][INFO] - Iteration   105 | Train loss: 0.61 | Time taken:  0.00/ 0.29/ 0.29 sec | GPU memory: 82.1 GB | Global sample ID: 8293
[2025-03-22 21:05:01,963][trainer][INFO] - Iteration   106 | Train loss: 0.96 | Time taken:  0.00/ 0.29/ 0.29 sec | GPU memory: 82.1 GB | Global sample ID: 2684
[2025-03-22 21:05:02,364][trainer][INFO] - Iteration   107 | Train loss: 1.56 | Time taken:  0.00/ 0.29/ 0.29 sec | GPU memory: 82.1 GB | Global sample ID: 52183
[2025-03-22 21:05:02,764][trainer][INFO] - Iteration   108 | Train loss: 0.26 | Time taken:  0.00/ 0.29/ 0.29 sec | GPU memory: 82.1 GB | Global sample ID: 45365
[2025-03-22 21:05:03,167][trainer][INFO] - Iteration   109 | Train loss: 1.31 | Time taken:  0.00/ 0.29/ 0.29 sec | GPU memory: 82.1 GB | Global sample ID: 15185
[2025-03-22 21:05:03,561][trainer][INFO] - Iteration   110 | Train loss: 0.35 | Time taken:  0.00/ 0.29/ 0.29 sec | GPU memory: 82.1 GB | Global sample ID: 41205
[2025-03-22 21:05:03,962][trainer][INFO] - Iteration   111 | Train loss: 0.75 | Time taken:  0.00/ 0.29/ 0.29 sec | GPU memory: 82.1 GB | Global sample ID: 20837
[2025-03-22 21:05:04,359][trainer][INFO] - Iteration   112 | Train loss: 0.28 | Time taken:  0.00/ 0.29/ 0.29 sec | GPU memory: 82.1 GB | Global sample ID: 24093
[2025-03-22 21:05:04,758][trainer][INFO] - Iteration   113 | Train loss: 0.22 | Time taken:  0.00/ 0.29/ 0.29 sec | GPU memory: 82.1 GB | Global sample ID: 16541
[2025-03-22 21:05:05,211][trainer][INFO] - Iteration   114 | Train loss: 0.47 | Time taken:  0.00/ 0.28/ 0.28 sec | GPU memory: 82.1 GB | Global sample ID: 3378
[2025-03-22 21:05:05,608][trainer][INFO] - Iteration   115 | Train loss: 0.20 | Time taken:  0.00/ 0.29/ 0.29 sec | GPU memory: 82.1 GB | Global sample ID: 10100
[2025-03-22 21:05:06,109][trainer][INFO] - Iteration   116 | Train loss: 0.36 | Time taken:  0.00/ 0.37/ 0.37 sec | GPU memory: 82.1 GB | Global sample ID: 23726
[2025-03-22 21:05:06,511][trainer][INFO] - Iteration   117 | Train loss: 0.57 | Time taken:  0.00/ 0.28/ 0.28 sec | GPU memory: 82.1 GB | Global sample ID: 10513
[2025-03-22 21:05:06,958][trainer][INFO] - Iteration   118 | Train loss: 0.27 | Time taken:  0.00/ 0.28/ 0.28 sec | GPU memory: 82.1 GB | Global sample ID: 24083
[2025-03-22 21:05:07,358][trainer][INFO] - Iteration   119 | Train loss: 0.11 | Time taken:  0.00/ 0.29/ 0.29 sec | GPU memory: 82.1 GB | Global sample ID: 12671
[2025-03-22 21:05:07,793][trainer][INFO] - Iteration   120 | Train loss: 0.55 | Time taken:  0.00/ 0.28/ 0.28 sec | GPU memory: 82.1 GB | Global sample ID: 49925
[2025-03-22 21:05:08,190][trainer][INFO] - Iteration   121 | Train loss: 0.23 | Time taken:  0.00/ 0.29/ 0.29 sec | GPU memory: 82.1 GB | Global sample ID: 53906
[2025-03-22 21:05:08,585][trainer][INFO] - Iteration   122 | Train loss: 0.11 | Time taken:  0.00/ 0.29/ 0.29 sec | GPU memory: 82.1 GB | Global sample ID: 48056
[2025-03-22 21:05:08,980][trainer][INFO] - Iteration   123 | Train loss: 0.27 | Time taken:  0.00/ 0.29/ 0.29 sec | GPU memory: 82.1 GB | Global sample ID: 44594
[2025-03-22 21:05:09,382][trainer][INFO] - Iteration   124 | Train loss: 0.40 | Time taken:  0.00/ 0.29/ 0.29 sec | GPU memory: 82.1 GB | Global sample ID: 3311
[2025-03-22 21:05:09,864][trainer][INFO] - Iteration   125 | Train loss: 0.19 | Time taken:  0.00/ 0.28/ 0.29 sec | GPU memory: 82.1 GB | Global sample ID: 27399
[2025-03-22 21:05:10,262][trainer][INFO] - Iteration   126 | Train loss: 0.10 | Time taken:  0.00/ 0.29/ 0.29 sec | GPU memory: 82.1 GB | Global sample ID: 10351
[2025-03-22 21:05:10,710][trainer][INFO] - Iteration   127 | Train loss: 0.18 | Time taken:  0.00/ 0.28/ 0.29 sec | GPU memory: 82.1 GB | Global sample ID: 34771
[2025-03-22 21:05:11,108][trainer][INFO] - Iteration   128 | Train loss: 0.24 | Time taken:  0.00/ 0.29/ 0.29 sec | GPU memory: 82.1 GB | Global sample ID: 11737
[2025-03-22 21:05:11,508][trainer][INFO] - Iteration   129 | Train loss: 0.20 | Time taken:  0.00/ 0.29/ 0.29 sec | GPU memory: 82.1 GB | Global sample ID: 30770
[2025-03-22 21:05:11,909][trainer][INFO] - Iteration   130 | Train loss: 0.06 | Time taken:  0.00/ 0.29/ 0.29 sec | GPU memory: 82.1 GB | Global sample ID: 49179
[2025-03-22 21:05:12,355][trainer][INFO] - Iteration   131 | Train loss: 0.09 | Time taken:  0.00/ 0.28/ 0.28 sec | GPU memory: 82.1 GB | Global sample ID: 16372
[2025-03-22 21:05:12,752][trainer][INFO] - Iteration   132 | Train loss: 0.11 | Time taken:  0.00/ 0.29/ 0.29 sec | GPU memory: 82.1 GB | Global sample ID: 30396
[2025-03-22 21:05:13,231][trainer][INFO] - Iteration   133 | Train loss: 0.12 | Time taken:  0.00/ 0.28/ 0.28 sec | GPU memory: 82.1 GB | Global sample ID: 14059
[2025-03-22 21:05:13,645][trainer][INFO] - Iteration   134 | Train loss: 0.08 | Time taken:  0.00/ 0.28/ 0.29 sec | GPU memory: 82.1 GB | Global sample ID: 9958
[2025-03-22 21:05:14,060][trainer][INFO] - Iteration   135 | Train loss: 0.03 | Time taken:  0.00/ 0.28/ 0.29 sec | GPU memory: 82.1 GB | Global sample ID: 40300
[2025-03-22 21:05:14,464][trainer][INFO] - Iteration   136 | Train loss: 0.05 | Time taken:  0.00/ 0.29/ 0.29 sec | GPU memory: 82.1 GB | Global sample ID: 35161
[2025-03-22 21:05:14,903][trainer][INFO] - Iteration   137 | Train loss: 0.08 | Time taken:  0.00/ 0.28/ 0.28 sec | GPU memory: 82.1 GB | Global sample ID: 11713
[2025-03-22 21:05:15,307][trainer][INFO] - Iteration   138 | Train loss: 0.07 | Time taken:  0.00/ 0.29/ 0.29 sec | GPU memory: 82.1 GB | Global sample ID: 21554
[2025-03-22 21:05:15,704][trainer][INFO] - Iteration   139 | Train loss: 0.08 | Time taken:  0.00/ 0.29/ 0.29 sec | GPU memory: 82.1 GB | Global sample ID: 23676
[2025-03-22 21:05:16,109][trainer][INFO] - Iteration   140 | Train loss: 0.05 | Time taken:  0.00/ 0.29/ 0.29 sec | GPU memory: 82.1 GB | Global sample ID: 14489
[2025-03-22 21:05:16,505][trainer][INFO] - Iteration   141 | Train loss: 0.03 | Time taken:  0.00/ 0.29/ 0.29 sec | GPU memory: 82.1 GB | Global sample ID: 11831
[2025-03-22 21:05:16,903][trainer][INFO] - Iteration   142 | Train loss: 0.03 | Time taken:  0.00/ 0.29/ 0.29 sec | GPU memory: 82.1 GB | Global sample ID: 48501
[2025-03-22 21:05:17,306][trainer][INFO] - Iteration   143 | Train loss: 0.04 | Time taken:  0.00/ 0.29/ 0.29 sec | GPU memory: 82.1 GB | Global sample ID: 23411
[2025-03-22 21:05:17,706][trainer][INFO] - Iteration   144 | Train loss: 0.04 | Time taken:  0.00/ 0.29/ 0.29 sec | GPU memory: 82.1 GB | Global sample ID: 22473
[2025-03-22 21:05:18,102][trainer][INFO] - Iteration   145 | Train loss: 0.04 | Time taken:  0.00/ 0.29/ 0.29 sec | GPU memory: 82.1 GB | Global sample ID: 52321
[2025-03-22 21:05:18,502][trainer][INFO] - Iteration   146 | Train loss: 0.04 | Time taken:  0.00/ 0.29/ 0.29 sec | GPU memory: 82.1 GB | Global sample ID: 12685
[2025-03-22 21:05:18,908][trainer][INFO] - Iteration   147 | Train loss: 0.03 | Time taken:  0.00/ 0.29/ 0.29 sec | GPU memory: 82.1 GB | Global sample ID: 22709
[2025-03-22 21:05:19,309][trainer][INFO] - Iteration   148 | Train loss: 0.03 | Time taken:  0.00/ 0.29/ 0.29 sec | GPU memory: 82.1 GB | Global sample ID: 35812
[2025-03-22 21:05:19,707][trainer][INFO] - Iteration   149 | Train loss: 0.02 | Time taken:  0.00/ 0.29/ 0.29 sec | GPU memory: 82.1 GB | Global sample ID: 10758
[2025-03-22 21:05:20,104][trainer][INFO] - Iteration   150 | Train loss: 0.02 | Time taken:  0.00/ 0.29/ 0.29 sec | GPU memory: 82.1 GB | Global sample ID: 1426
[2025-03-22 21:05:21,434][trainer][INFO] - [94mIteration   150 | Test MSE:   0.69 | Time taken:  0.00/ 1.28/ 1.28 sec | GPU memory: 82.1 GB | Global sample ID: 2022[0m
[2025-03-22 21:05:21,831][trainer][INFO] - Iteration   151 | Train loss: 0.03 | Time taken:  0.00/ 0.29/ 0.29 sec | GPU memory: 82.1 GB | Global sample ID: 49545
[2025-03-22 21:05:22,228][trainer][INFO] - Iteration   152 | Train loss: 0.03 | Time taken:  0.00/ 0.29/ 0.29 sec | GPU memory: 82.1 GB | Global sample ID: 1704
[2025-03-22 21:05:22,628][trainer][INFO] - Iteration   153 | Train loss: 0.02 | Time taken:  0.00/ 0.29/ 0.29 sec | GPU memory: 82.1 GB | Global sample ID: 4056
[2025-03-22 21:05:23,127][trainer][INFO] - Iteration   154 | Train loss: 0.03 | Time taken:  0.00/ 0.28/ 0.29 sec | GPU memory: 82.1 GB | Global sample ID: 41379
[2025-03-22 21:05:23,526][trainer][INFO] - Iteration   155 | Train loss: 0.03 | Time taken:  0.00/ 0.29/ 0.29 sec | GPU memory: 82.1 GB | Global sample ID: 43433
[2025-03-22 21:05:24,011][trainer][INFO] - Iteration   156 | Train loss: 0.02 | Time taken:  0.00/ 0.28/ 0.28 sec | GPU memory: 82.1 GB | Global sample ID: 27420
[2025-03-22 21:05:24,477][trainer][INFO] - Iteration   157 | Train loss: 0.02 | Time taken:  0.00/ 0.28/ 0.28 sec | GPU memory: 82.1 GB | Global sample ID: 50355
[2025-03-22 21:05:24,882][trainer][INFO] - Iteration   158 | Train loss: 0.02 | Time taken:  0.00/ 0.29/ 0.29 sec | GPU memory: 82.1 GB | Global sample ID: 41350
[2025-03-22 21:05:25,284][trainer][INFO] - Iteration   159 | Train loss: 0.02 | Time taken:  0.00/ 0.29/ 0.29 sec | GPU memory: 82.1 GB | Global sample ID: 2299
[2025-03-22 21:05:25,680][trainer][INFO] - Iteration   160 | Train loss: 0.02 | Time taken:  0.00/ 0.29/ 0.29 sec | GPU memory: 82.1 GB | Global sample ID: 41472
[2025-03-22 21:05:26,152][trainer][INFO] - Iteration   161 | Train loss: 0.02 | Time taken:  0.00/ 0.28/ 0.28 sec | GPU memory: 82.1 GB | Global sample ID: 17395
[2025-03-22 21:05:26,551][trainer][INFO] - Iteration   162 | Train loss: 0.02 | Time taken:  0.00/ 0.29/ 0.29 sec | GPU memory: 82.1 GB | Global sample ID: 19878
[2025-03-22 21:05:26,954][trainer][INFO] - Iteration   163 | Train loss: 0.02 | Time taken:  0.00/ 0.28/ 0.29 sec | GPU memory: 82.1 GB | Global sample ID: 32867
[2025-03-22 21:05:27,351][trainer][INFO] - Iteration   164 | Train loss: 0.02 | Time taken:  0.00/ 0.29/ 0.29 sec | GPU memory: 82.1 GB | Global sample ID: 32169
[2025-03-22 21:05:27,750][trainer][INFO] - Iteration   165 | Train loss: 0.02 | Time taken:  0.00/ 0.29/ 0.29 sec | GPU memory: 82.1 GB | Global sample ID: 870
[2025-03-22 21:05:28,184][trainer][INFO] - Iteration   166 | Train loss: 0.02 | Time taken:  0.00/ 0.28/ 0.28 sec | GPU memory: 82.1 GB | Global sample ID: 25670
[2025-03-22 21:05:28,628][trainer][INFO] - Iteration   167 | Train loss: 0.02 | Time taken:  0.00/ 0.28/ 0.28 sec | GPU memory: 82.1 GB | Global sample ID: 35772
[2025-03-22 21:05:29,026][trainer][INFO] - Iteration   168 | Train loss: 0.02 | Time taken:  0.00/ 0.29/ 0.29 sec | GPU memory: 82.1 GB | Global sample ID: 39295
[2025-03-22 21:05:29,512][trainer][INFO] - Iteration   169 | Train loss: 0.02 | Time taken:  0.00/ 0.28/ 0.28 sec | GPU memory: 82.1 GB | Global sample ID: 48606
[2025-03-22 21:05:29,928][trainer][INFO] - Iteration   170 | Train loss: 0.02 | Time taken:  0.00/ 0.29/ 0.29 sec | GPU memory: 82.1 GB | Global sample ID: 33598
[2025-03-22 21:05:30,327][trainer][INFO] - Iteration   171 | Train loss: 0.02 | Time taken:  0.00/ 0.29/ 0.29 sec | GPU memory: 82.1 GB | Global sample ID: 12734
[2025-03-22 21:05:30,726][trainer][INFO] - Iteration   172 | Train loss: 0.02 | Time taken:  0.00/ 0.29/ 0.29 sec | GPU memory: 82.1 GB | Global sample ID: 46493
[2025-03-22 21:05:31,149][trainer][INFO] - Iteration   173 | Train loss: 0.02 | Time taken:  0.00/ 0.28/ 0.28 sec | GPU memory: 82.1 GB | Global sample ID: 9096
[2025-03-22 21:05:31,549][trainer][INFO] - Iteration   174 | Train loss: 0.02 | Time taken:  0.00/ 0.29/ 0.29 sec | GPU memory: 82.1 GB | Global sample ID: 18237
[2025-03-22 21:05:31,965][trainer][INFO] - Iteration   175 | Train loss: 0.02 | Time taken:  0.00/ 0.29/ 0.29 sec | GPU memory: 82.1 GB | Global sample ID: 41177
[2025-03-22 21:05:32,366][trainer][INFO] - Iteration   176 | Train loss: 0.02 | Time taken:  0.00/ 0.29/ 0.29 sec | GPU memory: 82.1 GB | Global sample ID: 38120
[2025-03-22 21:05:32,766][trainer][INFO] - Iteration   177 | Train loss: 0.02 | Time taken:  0.00/ 0.29/ 0.29 sec | GPU memory: 82.1 GB | Global sample ID: 44326
[2025-03-22 21:05:33,182][trainer][INFO] - Iteration   178 | Train loss: 0.02 | Time taken:  0.00/ 0.29/ 0.29 sec | GPU memory: 82.1 GB | Global sample ID: 40630
[2025-03-22 21:05:33,581][trainer][INFO] - Iteration   179 | Train loss: 0.02 | Time taken:  0.00/ 0.29/ 0.29 sec | GPU memory: 82.1 GB | Global sample ID: 31363
[2025-03-22 21:05:34,064][trainer][INFO] - Iteration   180 | Train loss: 0.02 | Time taken:  0.00/ 0.28/ 0.28 sec | GPU memory: 82.1 GB | Global sample ID: 10548
[2025-03-22 21:05:34,467][trainer][INFO] - Iteration   181 | Train loss: 0.01 | Time taken:  0.00/ 0.29/ 0.29 sec | GPU memory: 82.1 GB | Global sample ID: 29622
[2025-03-22 21:05:34,929][trainer][INFO] - Iteration   182 | Train loss: 0.02 | Time taken:  0.00/ 0.28/ 0.29 sec | GPU memory: 82.1 GB | Global sample ID: 26746
[2025-03-22 21:05:35,329][trainer][INFO] - Iteration   183 | Train loss: 0.02 | Time taken:  0.00/ 0.29/ 0.29 sec | GPU memory: 82.1 GB | Global sample ID: 6717
[2025-03-22 21:05:35,728][trainer][INFO] - Iteration   184 | Train loss: 0.02 | Time taken:  0.00/ 0.29/ 0.29 sec | GPU memory: 82.1 GB | Global sample ID: 23398
[2025-03-22 21:05:36,183][trainer][INFO] - Iteration   185 | Train loss: 0.02 | Time taken:  0.00/ 0.28/ 0.29 sec | GPU memory: 82.1 GB | Global sample ID: 11175
[2025-03-22 21:05:36,579][trainer][INFO] - Iteration   186 | Train loss: 0.02 | Time taken:  0.00/ 0.29/ 0.29 sec | GPU memory: 82.1 GB | Global sample ID: 24786
[2025-03-22 21:05:36,978][trainer][INFO] - Iteration   187 | Train loss: 0.02 | Time taken:  0.00/ 0.29/ 0.29 sec | GPU memory: 82.1 GB | Global sample ID: 46330
[2025-03-22 21:05:37,388][trainer][INFO] - Iteration   188 | Train loss: 0.02 | Time taken:  0.00/ 0.28/ 0.29 sec | GPU memory: 82.1 GB | Global sample ID: 21073
[2025-03-22 21:05:37,878][trainer][INFO] - Iteration   189 | Train loss: 0.02 | Time taken:  0.00/ 0.28/ 0.28 sec | GPU memory: 82.1 GB | Global sample ID: 28222
[2025-03-22 21:05:38,272][trainer][INFO] - Iteration   190 | Train loss: 0.02 | Time taken:  0.00/ 0.29/ 0.29 sec | GPU memory: 82.1 GB | Global sample ID: 2183
[2025-03-22 21:05:38,673][trainer][INFO] - Iteration   191 | Train loss: 0.02 | Time taken:  0.00/ 0.28/ 0.29 sec | GPU memory: 82.1 GB | Global sample ID: 9682
[2025-03-22 21:05:39,073][trainer][INFO] - Iteration   192 | Train loss: 0.02 | Time taken:  0.00/ 0.29/ 0.29 sec | GPU memory: 82.1 GB | Global sample ID: 25934
[2025-03-22 21:05:39,472][trainer][INFO] - Iteration   193 | Train loss: 0.02 | Time taken:  0.00/ 0.29/ 0.29 sec | GPU memory: 82.1 GB | Global sample ID: 37394
[2025-03-22 21:05:39,870][trainer][INFO] - Iteration   194 | Train loss: 0.02 | Time taken:  0.00/ 0.28/ 0.28 sec | GPU memory: 82.1 GB | Global sample ID: 3596
[2025-03-22 21:05:40,318][trainer][INFO] - Iteration   195 | Train loss: 0.02 | Time taken:  0.00/ 0.28/ 0.28 sec | GPU memory: 82.1 GB | Global sample ID: 47502
[2025-03-22 21:05:40,727][trainer][INFO] - Iteration   196 | Train loss: 0.02 | Time taken:  0.00/ 0.29/ 0.29 sec | GPU memory: 82.1 GB | Global sample ID: 4954
[2025-03-22 21:05:41,132][trainer][INFO] - Iteration   197 | Train loss: 0.02 | Time taken:  0.00/ 0.29/ 0.29 sec | GPU memory: 82.1 GB | Global sample ID: 50190
[2025-03-22 21:05:41,621][trainer][INFO] - Iteration   198 | Train loss: 0.02 | Time taken:  0.00/ 0.28/ 0.29 sec | GPU memory: 82.1 GB | Global sample ID: 544
[2025-03-22 21:05:42,020][trainer][INFO] - Iteration   199 | Train loss: 0.02 | Time taken:  0.00/ 0.29/ 0.29 sec | GPU memory: 82.1 GB | Global sample ID: 15514
[2025-03-22 21:05:42,420][trainer][INFO] - Iteration   200 | Train loss: 0.02 | Time taken:  0.00/ 0.29/ 0.29 sec | GPU memory: 82.1 GB | Global sample ID: 8894
[2025-03-22 21:05:43,756][trainer][INFO] - [94mIteration   200 | Test MSE:   0.63 | Time taken:  0.00/ 1.28/ 1.28 sec | GPU memory: 82.1 GB | Global sample ID: 1904[0m
[2025-03-22 21:05:43,760][trainer][INFO] - [94mSwitched to 2-long rollouts.[0m
[2025-03-22 21:05:44,444][trainer][INFO] - [92mLoaded train datapipe of size 53'910 samples[0m
[2025-03-22 21:05:45,058][main][INFO] - [94mRe-initializing training dataloader...[0m
[2025-03-22 21:05:53,894][trainer][INFO] - Iteration   201 | Train loss: 0.03 | Time taken:  7.15/ 1.56/ 8.72 sec | GPU memory: 82.2 GB | Global sample ID: 25559
[2025-03-22 21:05:54,800][trainer][INFO] - Iteration   202 | Train loss: 0.03 | Time taken:  0.00/ 0.78/ 0.78 sec | GPU memory: 82.2 GB | Global sample ID: 40051
[2025-03-22 21:05:55,717][trainer][INFO] - Iteration   203 | Train loss: 0.03 | Time taken:  0.00/ 0.78/ 0.78 sec | GPU memory: 82.2 GB | Global sample ID: 27580
[2025-03-22 21:05:56,629][trainer][INFO] - Iteration   204 | Train loss: 0.03 | Time taken:  0.00/ 0.79/ 0.79 sec | GPU memory: 82.2 GB | Global sample ID: 5970
[2025-03-22 21:05:57,578][trainer][INFO] - Iteration   205 | Train loss: 0.03 | Time taken:  0.00/ 0.78/ 0.78 sec | GPU memory: 82.2 GB | Global sample ID: 52134
[2025-03-22 21:05:58,620][trainer][INFO] - Iteration   206 | Train loss: 0.03 | Time taken:  0.00/ 0.78/ 0.78 sec | GPU memory: 82.2 GB | Global sample ID: 106
[2025-03-22 21:05:59,611][trainer][INFO] - Iteration   207 | Train loss: 0.03 | Time taken:  0.00/ 0.78/ 0.79 sec | GPU memory: 82.2 GB | Global sample ID: 30139
[2025-03-22 21:06:00,517][trainer][INFO] - Iteration   208 | Train loss: 0.03 | Time taken:  0.00/ 0.78/ 0.79 sec | GPU memory: 82.2 GB | Global sample ID: 4670
[2025-03-22 21:06:01,437][trainer][INFO] - Iteration   209 | Train loss: 0.03 | Time taken:  0.00/ 0.78/ 0.79 sec | GPU memory: 82.2 GB | Global sample ID: 23459
[2025-03-22 21:06:02,511][trainer][INFO] - Iteration   210 | Train loss: 0.03 | Time taken:  0.00/ 0.78/ 0.78 sec | GPU memory: 82.2 GB | Global sample ID: 18499
[2025-03-22 21:06:03,415][trainer][INFO] - Iteration   211 | Train loss: 0.03 | Time taken:  0.00/ 0.78/ 0.78 sec | GPU memory: 82.2 GB | Global sample ID: 41192
[2025-03-22 21:06:04,337][trainer][INFO] - Iteration   212 | Train loss: 0.03 | Time taken:  0.00/ 0.79/ 0.79 sec | GPU memory: 82.2 GB | Global sample ID: 18810
[2025-03-22 21:06:05,250][trainer][INFO] - Iteration   213 | Train loss: 0.03 | Time taken:  0.00/ 0.79/ 0.79 sec | GPU memory: 82.2 GB | Global sample ID: 49548
[2025-03-22 21:06:06,280][trainer][INFO] - Iteration   214 | Train loss: 0.03 | Time taken:  0.00/ 0.78/ 0.78 sec | GPU memory: 82.2 GB | Global sample ID: 21960
[2025-03-22 21:06:07,193][trainer][INFO] - Iteration   215 | Train loss: 0.02 | Time taken:  0.00/ 0.79/ 0.79 sec | GPU memory: 82.2 GB | Global sample ID: 11161
[2025-03-22 21:06:08,144][trainer][INFO] - Iteration   216 | Train loss: 0.03 | Time taken:  0.00/ 0.79/ 0.79 sec | GPU memory: 82.2 GB | Global sample ID: 33130
[2025-03-22 21:06:09,050][trainer][INFO] - Iteration   217 | Train loss: 0.03 | Time taken:  0.00/ 0.78/ 0.78 sec | GPU memory: 82.2 GB | Global sample ID: 16947
[2025-03-22 21:06:09,968][trainer][INFO] - Iteration   218 | Train loss: 0.03 | Time taken:  0.00/ 0.79/ 0.79 sec | GPU memory: 82.2 GB | Global sample ID: 50861
[2025-03-22 21:06:10,898][trainer][INFO] - Iteration   219 | Train loss: 0.03 | Time taken:  0.00/ 0.78/ 0.78 sec | GPU memory: 82.2 GB | Global sample ID: 11912
[2025-03-22 21:06:11,810][trainer][INFO] - Iteration   220 | Train loss: 0.03 | Time taken:  0.00/ 0.79/ 0.79 sec | GPU memory: 82.2 GB | Global sample ID: 31375
[2025-03-22 21:06:13,513][trainer][INFO] - Iteration   221 | Train loss: 0.02 | Time taken:  0.00/ 1.38/ 1.38 sec | GPU memory: 82.2 GB | Global sample ID: 28963
[2025-03-22 21:06:14,419][trainer][INFO] - Iteration   222 | Train loss: 0.03 | Time taken:  0.00/ 0.78/ 0.79 sec | GPU memory: 82.2 GB | Global sample ID: 50483
[2025-03-22 21:06:15,335][trainer][INFO] - Iteration   223 | Train loss: 0.03 | Time taken:  0.00/ 0.79/ 0.80 sec | GPU memory: 82.2 GB | Global sample ID: 29376
[2025-03-22 21:06:17,081][trainer][INFO] - Iteration   224 | Train loss: 0.03 | Time taken:  0.00/ 0.82/ 0.82 sec | GPU memory: 82.2 GB | Global sample ID: 10496
[2025-03-22 21:06:17,977][trainer][INFO] - Iteration   225 | Train loss: 0.03 | Time taken:  0.00/ 0.77/ 0.78 sec | GPU memory: 82.2 GB | Global sample ID: 40101
[2025-03-22 21:06:17,982][trainer][INFO] - [94mSwitched to 3-long rollouts.[0m
[2025-03-22 21:06:18,851][trainer][INFO] - [92mLoaded train datapipe of size 53'873 samples[0m
[2025-03-22 21:06:19,446][main][INFO] - [94mRe-initializing training dataloader...[0m
[2025-03-22 21:06:29,650][trainer][INFO] - Iteration   226 | Train loss: 0.04 | Time taken:  7.66/ 2.45/10.10 sec | GPU memory: 82.2 GB | Global sample ID: 43726
[2025-03-22 21:06:31,425][trainer][INFO] - Iteration   227 | Train loss: 0.03 | Time taken:  0.00/ 1.68/ 1.68 sec | GPU memory: 82.2 GB | Global sample ID: 17166
[2025-03-22 21:06:33,212][trainer][INFO] - Iteration   228 | Train loss: 0.03 | Time taken:  0.00/ 1.68/ 1.69 sec | GPU memory: 82.2 GB | Global sample ID: 31325
[2025-03-22 21:06:35,158][trainer][INFO] - Iteration   229 | Train loss: 0.03 | Time taken:  0.00/ 1.69/ 1.69 sec | GPU memory: 82.2 GB | Global sample ID: 25069
[2025-03-22 21:06:36,936][trainer][INFO] - Iteration   230 | Train loss: 0.03 | Time taken:  0.00/ 1.68/ 1.69 sec | GPU memory: 82.2 GB | Global sample ID: 51880
[2025-03-22 21:06:38,728][trainer][INFO] - Iteration   231 | Train loss: 0.03 | Time taken:  0.00/ 1.68/ 1.69 sec | GPU memory: 82.2 GB | Global sample ID: 9316
[2025-03-22 21:06:40,730][trainer][INFO] - Iteration   232 | Train loss: 0.04 | Time taken:  0.00/ 1.68/ 1.68 sec | GPU memory: 82.2 GB | Global sample ID: 26467
[2025-03-22 21:06:42,504][trainer][INFO] - Iteration   233 | Train loss: 0.03 | Time taken:  0.00/ 1.68/ 1.68 sec | GPU memory: 82.2 GB | Global sample ID: 16836
[2025-03-22 21:06:44,288][trainer][INFO] - Iteration   234 | Train loss: 0.03 | Time taken:  0.00/ 1.69/ 1.69 sec | GPU memory: 82.2 GB | Global sample ID: 35941
[2025-03-22 21:06:46,394][trainer][INFO] - Iteration   235 | Train loss: 0.04 | Time taken:  0.00/ 1.69/ 1.69 sec | GPU memory: 82.2 GB | Global sample ID: 16307
[2025-03-22 21:06:49,012][trainer][INFO] - Iteration   236 | Train loss: 0.03 | Time taken:  0.00/ 2.47/ 2.48 sec | GPU memory: 82.2 GB | Global sample ID: 2085
[2025-03-22 21:06:51,282][trainer][INFO] - Iteration   237 | Train loss: 0.04 | Time taken:  0.00/ 2.15/ 2.16 sec | GPU memory: 82.2 GB | Global sample ID: 33745
[2025-03-22 21:06:53,296][trainer][INFO] - Iteration   238 | Train loss: 0.04 | Time taken:  0.00/ 1.68/ 1.68 sec | GPU memory: 82.2 GB | Global sample ID: 19675
[2025-03-22 21:06:55,343][trainer][INFO] - Iteration   239 | Train loss: 0.03 | Time taken:  0.00/ 1.68/ 1.68 sec | GPU memory: 82.2 GB | Global sample ID: 10774
[2025-03-22 21:06:57,128][trainer][INFO] - Iteration   240 | Train loss: 0.03 | Time taken:  0.00/ 1.69/ 1.69 sec | GPU memory: 82.2 GB | Global sample ID: 41098
[2025-03-22 21:06:58,906][trainer][INFO] - Iteration   241 | Train loss: 0.04 | Time taken:  0.00/ 1.68/ 1.68 sec | GPU memory: 82.2 GB | Global sample ID: 3515
[2025-03-22 21:07:00,840][trainer][INFO] - Iteration   242 | Train loss: 0.03 | Time taken:  0.00/ 1.67/ 1.68 sec | GPU memory: 82.2 GB | Global sample ID: 35177
[2025-03-22 21:07:02,627][trainer][INFO] - Iteration   243 | Train loss: 0.03 | Time taken:  0.00/ 1.68/ 1.68 sec | GPU memory: 82.2 GB | Global sample ID: 53472
[2025-03-22 21:07:04,413][trainer][INFO] - Iteration   244 | Train loss: 0.04 | Time taken:  0.00/ 1.69/ 1.69 sec | GPU memory: 82.2 GB | Global sample ID: 39343
[2025-03-22 21:07:06,207][trainer][INFO] - Iteration   245 | Train loss: 0.04 | Time taken:  0.00/ 1.70/ 1.70 sec | GPU memory: 82.2 GB | Global sample ID: 9683
[2025-03-22 21:07:07,987][trainer][INFO] - Iteration   246 | Train loss: 0.04 | Time taken:  0.00/ 1.68/ 1.68 sec | GPU memory: 82.2 GB | Global sample ID: 2887
[2025-03-22 21:07:09,767][trainer][INFO] - Iteration   247 | Train loss: 0.03 | Time taken:  0.00/ 1.69/ 1.69 sec | GPU memory: 82.2 GB | Global sample ID: 46366
[2025-03-22 21:07:12,230][trainer][INFO] - Iteration   248 | Train loss: 0.04 | Time taken:  0.00/ 2.35/ 2.35 sec | GPU memory: 82.2 GB | Global sample ID: 43431
[2025-03-22 21:07:14,243][trainer][INFO] - Iteration   249 | Train loss: 0.04 | Time taken:  0.00/ 1.68/ 1.68 sec | GPU memory: 82.2 GB | Global sample ID: 8766
[2025-03-22 21:07:16,024][trainer][INFO] - Iteration   250 | Train loss: 0.04 | Time taken:  0.00/ 1.68/ 1.69 sec | GPU memory: 82.2 GB | Global sample ID: 52662
[2025-03-22 21:07:17,351][trainer][INFO] - [94mIteration   250 | Test MSE:   0.77 | Time taken:  0.00/ 1.27/ 1.27 sec | GPU memory: 82.2 GB | Global sample ID: 40[0m
[2025-03-22 21:07:17,356][trainer][INFO] - [94mSwitched to 4-long rollouts.[0m
[2025-03-22 21:07:18,487][trainer][INFO] - [92mLoaded train datapipe of size 53'836 samples[0m
[2025-03-22 21:07:19,102][main][INFO] - [94mRe-initializing training dataloader...[0m
[2025-03-22 21:07:30,468][trainer][INFO] - Iteration   251 | Train loss: 0.04 | Time taken:  8.60/ 2.67/11.27 sec | GPU memory: 82.2 GB | Global sample ID: 33263
[2025-03-22 21:07:33,046][trainer][INFO] - Iteration   252 | Train loss: 0.04 | Time taken:  0.00/ 2.26/ 2.26 sec | GPU memory: 82.2 GB | Global sample ID: 40012
[2025-03-22 21:07:35,767][trainer][INFO] - Iteration   253 | Train loss: 0.04 | Time taken:  0.00/ 2.26/ 2.26 sec | GPU memory: 82.2 GB | Global sample ID: 5670
[2025-03-22 21:07:38,154][trainer][INFO] - Iteration   254 | Train loss: 0.04 | Time taken:  0.00/ 2.28/ 2.29 sec | GPU memory: 82.2 GB | Global sample ID: 15105
[2025-03-22 21:07:40,781][trainer][INFO] - Iteration   255 | Train loss: 0.04 | Time taken:  0.00/ 2.26/ 2.26 sec | GPU memory: 82.2 GB | Global sample ID: 11039
[2025-03-22 21:07:43,844][trainer][INFO] - Iteration   256 | Train loss: 0.04 | Time taken:  0.00/ 2.97/ 2.97 sec | GPU memory: 82.2 GB | Global sample ID: 51384
[2025-03-22 21:07:47,108][trainer][INFO] - Iteration   257 | Train loss: 0.04 | Time taken:  0.00/ 3.14/ 3.14 sec | GPU memory: 82.2 GB | Global sample ID: 4500
[2025-03-22 21:07:49,467][trainer][INFO] - Iteration   258 | Train loss: 0.04 | Time taken:  0.00/ 2.27/ 2.27 sec | GPU memory: 82.2 GB | Global sample ID: 47502
[2025-03-22 21:07:51,862][trainer][INFO] - Iteration   259 | Train loss: 0.04 | Time taken:  0.00/ 2.26/ 2.26 sec | GPU memory: 82.2 GB | Global sample ID: 45824
[2025-03-22 21:07:54,227][trainer][INFO] - Iteration   260 | Train loss: 0.04 | Time taken:  0.00/ 2.27/ 2.27 sec | GPU memory: 82.2 GB | Global sample ID: 44163
[2025-03-22 21:07:56,625][trainer][INFO] - Iteration   261 | Train loss: 0.05 | Time taken:  0.00/ 2.30/ 2.30 sec | GPU memory: 82.2 GB | Global sample ID: 42202
[2025-03-22 21:07:59,258][trainer][INFO] - Iteration   262 | Train loss: 0.04 | Time taken:  0.00/ 2.27/ 2.27 sec | GPU memory: 82.2 GB | Global sample ID: 52599
[2025-03-22 21:08:01,898][trainer][INFO] - Iteration   263 | Train loss: 0.04 | Time taken:  0.00/ 2.26/ 2.26 sec | GPU memory: 82.2 GB | Global sample ID: 24871
[2025-03-22 21:08:04,625][trainer][INFO] - Iteration   264 | Train loss: 0.04 | Time taken:  0.00/ 2.25/ 2.26 sec | GPU memory: 82.2 GB | Global sample ID: 53149
[2025-03-22 21:08:07,548][trainer][INFO] - Iteration   265 | Train loss: 0.04 | Time taken:  0.00/ 2.81/ 2.81 sec | GPU memory: 82.2 GB | Global sample ID: 52144
[2025-03-22 21:08:10,612][trainer][INFO] - Iteration   266 | Train loss: 0.04 | Time taken:  0.00/ 2.96/ 2.96 sec | GPU memory: 82.2 GB | Global sample ID: 2810
[2025-03-22 21:08:12,985][trainer][INFO] - Iteration   267 | Train loss: 0.04 | Time taken:  0.00/ 2.27/ 2.28 sec | GPU memory: 82.2 GB | Global sample ID: 29424
[2025-03-22 21:08:15,766][trainer][INFO] - Iteration   268 | Train loss: 0.04 | Time taken:  0.00/ 2.26/ 2.26 sec | GPU memory: 82.2 GB | Global sample ID: 7956
[2025-03-22 21:08:18,135][trainer][INFO] - Iteration   269 | Train loss: 0.04 | Time taken:  0.00/ 2.27/ 2.28 sec | GPU memory: 82.2 GB | Global sample ID: 33894
[2025-03-22 21:08:20,527][trainer][INFO] - Iteration   270 | Train loss: 0.04 | Time taken:  0.00/ 2.28/ 2.28 sec | GPU memory: 82.2 GB | Global sample ID: 23288
[2025-03-22 21:08:22,897][trainer][INFO] - Iteration   271 | Train loss: 0.04 | Time taken:  0.00/ 2.28/ 2.28 sec | GPU memory: 82.2 GB | Global sample ID: 16128
[2025-03-22 21:08:25,665][trainer][INFO] - Iteration   272 | Train loss: 0.04 | Time taken:  0.00/ 2.28/ 2.28 sec | GPU memory: 82.2 GB | Global sample ID: 31639
[2025-03-22 21:08:28,047][trainer][INFO] - Iteration   273 | Train loss: 0.04 | Time taken:  0.00/ 2.29/ 2.29 sec | GPU memory: 82.2 GB | Global sample ID: 30182
[2025-03-22 21:08:31,290][trainer][INFO] - Iteration   274 | Train loss: 0.04 | Time taken:  0.00/ 2.80/ 2.81 sec | GPU memory: 82.2 GB | Global sample ID: 6102
[2025-03-22 21:08:33,991][trainer][INFO] - Iteration   275 | Train loss: 0.04 | Time taken:  0.00/ 2.26/ 2.26 sec | GPU memory: 82.2 GB | Global sample ID: 17005
[2025-03-22 21:08:33,996][trainer][INFO] - [94mSwitched to 5-long rollouts.[0m
[2025-03-22 21:08:35,434][trainer][INFO] - [92mLoaded train datapipe of size 53'799 samples[0m
[2025-03-22 21:08:36,053][main][INFO] - [94mRe-initializing training dataloader...[0m
[2025-03-22 21:08:47,598][trainer][INFO] - Iteration   276 | Train loss: 0.04 | Time taken:  8.11/ 3.35/11.46 sec | GPU memory: 82.2 GB | Global sample ID: 19514
[2025-03-22 21:08:50,557][trainer][INFO] - Iteration   277 | Train loss: 0.04 | Time taken:  0.00/ 2.86/ 2.87 sec | GPU memory: 82.2 GB | Global sample ID: 36451
[2025-03-22 21:08:53,900][trainer][INFO] - Iteration   278 | Train loss: 0.04 | Time taken:  0.00/ 2.85/ 2.85 sec | GPU memory: 82.2 GB | Global sample ID: 4936
[2025-03-22 21:08:57,204][trainer][INFO] - Iteration   279 | Train loss: 0.04 | Time taken:  0.00/ 2.84/ 2.84 sec | GPU memory: 82.2 GB | Global sample ID: 1822
[2025-03-22 21:09:00,464][trainer][INFO] - Iteration   280 | Train loss: 0.04 | Time taken:  0.00/ 2.83/ 2.83 sec | GPU memory: 82.2 GB | Global sample ID: 20821
[2025-03-22 21:09:05,412][trainer][INFO] - Iteration   281 | Train loss: 0.04 | Time taken:  0.00/ 4.84/ 4.84 sec | GPU memory: 82.2 GB | Global sample ID: 12816
[2025-03-22 21:09:08,686][trainer][INFO] - Iteration   282 | Train loss: 0.05 | Time taken:  0.00/ 2.89/ 2.89 sec | GPU memory: 82.2 GB | Global sample ID: 24849
[2025-03-22 21:09:11,643][trainer][INFO] - Iteration   283 | Train loss: 0.04 | Time taken:  0.00/ 2.86/ 2.87 sec | GPU memory: 82.2 GB | Global sample ID: 36253
[2025-03-22 21:09:14,627][trainer][INFO] - Iteration   284 | Train loss: 0.04 | Time taken:  0.00/ 2.87/ 2.87 sec | GPU memory: 82.2 GB | Global sample ID: 12626
[2025-03-22 21:09:17,581][trainer][INFO] - Iteration   285 | Train loss: 0.04 | Time taken:  0.00/ 2.86/ 2.86 sec | GPU memory: 82.2 GB | Global sample ID: 30312
[2025-03-22 21:09:20,543][trainer][INFO] - Iteration   286 | Train loss: 0.04 | Time taken:  0.00/ 2.87/ 2.87 sec | GPU memory: 82.2 GB | Global sample ID: 10833
[2025-03-22 21:09:24,065][trainer][INFO] - Iteration   287 | Train loss: 0.04 | Time taken:  0.00/ 3.42/ 3.42 sec | GPU memory: 82.2 GB | Global sample ID: 46114
[2025-03-22 21:09:27,767][trainer][INFO] - Iteration   288 | Train loss: 0.04 | Time taken:  0.00/ 3.04/ 3.04 sec | GPU memory: 82.2 GB | Global sample ID: 51128
[2025-03-22 21:09:30,723][trainer][INFO] - Iteration   289 | Train loss: 0.04 | Time taken:  0.00/ 2.87/ 2.87 sec | GPU memory: 82.2 GB | Global sample ID: 13754
[2025-03-22 21:09:34,070][trainer][INFO] - Iteration   290 | Train loss: 0.04 | Time taken:  0.00/ 2.86/ 2.86 sec | GPU memory: 82.2 GB | Global sample ID: 9111
[2025-03-22 21:09:37,023][trainer][INFO] - Iteration   291 | Train loss: 0.04 | Time taken:  0.00/ 2.86/ 2.86 sec | GPU memory: 82.2 GB | Global sample ID: 35232
[2025-03-22 21:09:40,279][trainer][INFO] - Iteration   292 | Train loss: 0.04 | Time taken:  0.00/ 2.86/ 2.86 sec | GPU memory: 82.2 GB | Global sample ID: 27392
[2025-03-22 21:09:43,225][trainer][INFO] - Iteration   293 | Train loss: 0.04 | Time taken:  0.00/ 2.85/ 2.85 sec | GPU memory: 82.2 GB | Global sample ID: 37358
[2025-03-22 21:09:46,741][trainer][INFO] - Iteration   294 | Train loss: 0.04 | Time taken:  0.00/ 3.42/ 3.42 sec | GPU memory: 82.2 GB | Global sample ID: 42106
[2025-03-22 21:09:50,441][trainer][INFO] - Iteration   295 | Train loss: 0.04 | Time taken:  0.00/ 3.58/ 3.58 sec | GPU memory: 82.2 GB | Global sample ID: 36920
[2025-03-22 21:09:53,400][trainer][INFO] - Iteration   296 | Train loss: 0.04 | Time taken:  0.00/ 2.87/ 2.87 sec | GPU memory: 82.2 GB | Global sample ID: 16625
[2025-03-22 21:09:56,384][trainer][INFO] - Iteration   297 | Train loss: 0.04 | Time taken:  0.00/ 2.87/ 2.87 sec | GPU memory: 82.2 GB | Global sample ID: 7815
[2025-03-22 21:09:59,341][trainer][INFO] - Iteration   298 | Train loss: 0.04 | Time taken:  0.00/ 2.85/ 2.86 sec | GPU memory: 82.2 GB | Global sample ID: 20662
[2025-03-22 21:10:02,638][trainer][INFO] - Iteration   299 | Train loss: 0.04 | Time taken:  0.00/ 2.85/ 2.86 sec | GPU memory: 82.2 GB | Global sample ID: 11534
[2025-03-22 21:10:05,598][trainer][INFO] - Iteration   300 | Train loss: 0.04 | Time taken:  0.00/ 2.86/ 2.87 sec | GPU memory: 82.2 GB | Global sample ID: 3118
[2025-03-22 21:10:06,943][trainer][INFO] - [94mIteration   300 | Test MSE:   0.74 | Time taken:  0.00/ 1.30/ 1.30 sec | GPU memory: 82.2 GB | Global sample ID: 57[0m
[2025-03-22 21:10:06,951][trainer][INFO] - [94mSwitched to 6-long rollouts.[0m
[2025-03-22 21:10:08,378][trainer][INFO] - [92mLoaded train datapipe of size 53'762 samples[0m
[2025-03-22 21:10:09,051][main][INFO] - [94mRe-initializing training dataloader...[0m
[2025-03-22 21:10:09,056][main][INFO] - [94mTraining ended[0m
wandb: - 0.030 MB of 0.030 MB uploadedwandb:                                                                                
wandb: 
wandb: Run history:
wandb:            learning_rate â–â–â–â–â–â–â–â–â–â–â–‚â–‚â–‚â–ˆâ–ˆâ–ˆâ–‡â–†â–†â–…â–„â–ƒâ–ƒâ–‚â–â–â–â–â–â–â–â–â–â–â–â–â–â–â–â–
wandb:              testing_mse â–ˆâ–ˆâ–‚â–â–ƒâ–ƒ
wandb:             testing_time â–ˆâ–â–â–â–â–
wandb:  testing_time_dataloader â–ˆâ–â–â–â–â–
wandb:       testing_time_model â–ˆâ–„â–ƒâ–ƒâ–â–†
wandb:            training_loss â–ˆâ–‡â–„â–‚â–â–â–â–â–â–â–â–â–â–â–â–‚â–‚â–â–â–â–â–â–â–â–â–â–â–â–â–â–â–â–â–â–â–â–â–â–â–
wandb:            training_time â–â–â–â–â–â–â–â–â–â–â–â–â–â–â–â–â–â–â–â–â–â–â–â–â–â–â–â–â–â–â–‚â–‚â–‚â–‚â–‚â–‚â–ˆâ–ƒâ–ƒâ–ƒ
wandb: training_time_dataloader â–â–â–â–â–â–â–â–â–â–â–â–â–â–â–â–â–â–â–â–â–â–â–â–â–â–â–â–â–â–â–â–â–â–â–â–â–ˆâ–â–â–
wandb:      training_time_model â–â–â–â–â–â–â–â–â–â–â–â–â–â–â–â–â–â–â–â–â–â–â–â–â–â–â–â–‚â–‚â–‚â–„â–†â–„â–†â–†â–…â–ˆâ–‡â–‡â–‡
wandb: 
wandb: Run summary:
wandb:            learning_rate 1e-05
wandb:              testing_mse 0.73828
wandb:             testing_time 1.29983
wandb:  testing_time_dataloader 0.00199
wandb:       testing_time_model 1.29782
wandb:            training_loss 0.04185
wandb:            training_time 2.86658
wandb: training_time_dataloader 0.00204
wandb:      training_time_model 2.86452
wandb: 
wandb: ðŸš€ View run Baseline_64328_25/03/22_21:02:59_RUN_01 at: https://wandb.ai/schups/DSM500_FPR/runs/hxcl7oz4
wandb: â­ï¸ View project at: https://wandb.ai/schups/DSM500_FPR
wandb: Synced 5 W&B file(s), 0 media file(s), 0 artifact file(s) and 0 other file(s)
wandb: Find logs at: ./wandb/wandb/run-20250322_210300-hxcl7oz4/logs
wandb: WARNING The legacy backend is deprecated. In future versions, `wandb-core` will become the sole backend service, and the `wandb.require('legacy-service')` flag will be removed. For more information, visit https://wandb.me/wandb-core
2025-03-22 21:10:22,966 - wandb.wandb_agent - INFO - Cleaning up finished run: hxcl7oz4
wandb: Terminating and syncing runs. Press ctrl-c to kill.
