wandb: Starting wandb agent ðŸ•µï¸
2025-03-23 11:58:50,211 - wandb.wandb_agent - INFO - Running runs: []
2025-03-23 11:58:50,469 - wandb.wandb_agent - INFO - Agent received command: run
2025-03-23 11:58:50,469 - wandb.wandb_agent - INFO - Agent starting run with config:
	checkpoint.enabled: False
	datapipe.seed: 84
	schedule.phase1.iterations: 300
	schedule.phase1.lr_end: 1
	schedule.phase1.lr_start: 0.005
	schedule.phase2.iterations: 1500
	schedule.phase2.lr_objective: 0.001
	schedule.phase3.iterations: 2000
	schedule.phase3.lr: 0.005
	schedule.phase3.rollout_steps_increments: 5
	toggles.data.fix_data_centering: True
	toggles.data.fix_december_gap: False
	toggles.data.fix_sst_data: True
	toggles.data.fix_temporal_info: False
	toggles.data.include_sst_channel: False
	toggles.graph.use_multimesh: True
	toggles.loss.fix_inverse_variance_data: False
	toggles.loss.use_original_variable_weights: False
	toggles.model.include_solar_radiation: False
	toggles.model.include_spatial_info: True
	toggles.model.include_static_data: True
	toggles.model.include_temporal_info: True
2025-03-23 11:58:50,473 - wandb.wandb_agent - INFO - About to run command: python -m torch.distributed.run --nnodes=1 --nproc_per_node=4 train_graphcast.py checkpoint.enabled=False datapipe.seed=84 schedule.phase1.iterations=300 schedule.phase1.lr_end=1 schedule.phase1.lr_start=0.005 schedule.phase2.iterations=1500 schedule.phase2.lr_objective=0.001 schedule.phase3.iterations=2000 schedule.phase3.lr=0.005 schedule.phase3.rollout_steps_increments=5 toggles.data.fix_data_centering=True toggles.data.fix_december_gap=False toggles.data.fix_sst_data=True toggles.data.fix_temporal_info=False toggles.data.include_sst_channel=False toggles.graph.use_multimesh=True toggles.loss.fix_inverse_variance_data=False toggles.loss.use_original_variable_weights=False toggles.model.include_solar_radiation=False toggles.model.include_spatial_info=True toggles.model.include_static_data=True toggles.model.include_temporal_info=True
2025-03-23 11:58:55,481 - wandb.wandb_agent - INFO - Running runs: ['prevtx89']
[2025-03-23 11:59:16,137][main][INFO] - [94mRank: 2, Device: cuda:2[0m
[2025-03-23 11:59:16,137][main][INFO] - [94mRank: 3, Device: cuda:3[0m
[2025-03-23 11:59:16,137][main][INFO] - [94mRank: 1, Device: cuda:1[0m
[2025-03-23 11:59:16,143][main][INFO] - [94mRank: 0, Device: cuda:0[0m
wandb: WARNING Unable to verify login in offline mode.
wandb: WARNING Ignoring project 'DSM500_FPR' when running a sweep.
wandb: WARNING Ignoring entity 'schups' when running a sweep.
wandb: Tracking run with wandb version 0.19.8
wandb: Run data is saved locally in /iopsstor/scratch/cscs/stefschu/DSM500_FPR/modulus-baseline/wandb/wandb/run-20250323_115917-prevtx89
wandb: Run `wandb offline` to turn off syncing.
wandb: Syncing run Baseline_64770_25/03/23_11:59:16_RUN_01
wandb: â­ï¸ View project at https://wandb.ai/schups/DSM500_FPR
wandb: ðŸ§¹ View sweep at https://wandb.ai/schups/DSM500_FPR/sweeps/bv6kdc3l
wandb: ðŸš€ View run at https://wandb.ai/schups/DSM500_FPR/runs/prevtx89
[2025-03-23 11:59:18,314][trainer][INFO] - [94mSetting seed to 84[0m
[2025-03-23 11:59:18,367][cache][INFO] - [94mLoading cache for 'meshes'.[0m
[2025-03-23 11:59:18,367][cache][INFO] - [94mChecking if 'meshes' is cached.[0m
[2025-03-23 11:59:18,367][cache][INFO] - [94m-> HIT! '/iopsstor/scratch/cscs/stefschu/DSM500_FPR/cache/icosahedron_meshes.pickled' exists.[0m
[2025-03-23 11:59:18,369][cache][INFO] - [94m-> Checking guard 'MeshesCacheGuard'.[0m
[2025-03-23 11:59:22,758][trainer][INFO] - [94mModel created. Trainable parameters count is 35'246'612[0m
[2025-03-23 11:59:28,366][trainer][INFO] - [92mLoaded train datapipe of size 53'947 samples[0m
[2025-03-23 11:59:29,881][trainer][INFO] - [92mLoaded test datapipe of size 2'903 samples[0m
[2025-03-23 11:59:30,057][main][INFO] - [94mInitializing dataloaders...[0m
[2025-03-23 11:59:30,058][main][INFO] - [94mTraining started...[0m
[2025-03-23 12:00:24,745][trainer][INFO] - Iteration     1 | Train loss: 0.03 | Time taken:  9.09/45.60/54.69 sec | GPU memory: 79.1 GB | Global sample ID: 39278
[2025-03-23 12:00:25,126][trainer][INFO] - Iteration     2 | Train loss: 0.03 | Time taken:  0.00/ 0.28/ 0.28 sec | GPU memory: 82.1 GB | Global sample ID: 32914
[2025-03-23 12:00:25,845][trainer][INFO] - Iteration     3 | Train loss: 0.02 | Time taken:  0.00/ 0.30/ 0.30 sec | GPU memory: 82.1 GB | Global sample ID: 46909
[2025-03-23 12:00:26,423][trainer][INFO] - Iteration     4 | Train loss: 0.02 | Time taken:  0.00/ 0.30/ 0.30 sec | GPU memory: 82.1 GB | Global sample ID: 33024
[2025-03-23 12:00:26,815][trainer][INFO] - Iteration     5 | Train loss: 0.02 | Time taken:  0.00/ 0.28/ 0.28 sec | GPU memory: 82.1 GB | Global sample ID: 53769
[2025-03-23 12:00:27,207][trainer][INFO] - Iteration     6 | Train loss: 0.02 | Time taken:  0.00/ 0.28/ 0.28 sec | GPU memory: 82.1 GB | Global sample ID: 48692
[2025-03-23 12:00:27,601][trainer][INFO] - Iteration     7 | Train loss: 0.02 | Time taken:  0.00/ 0.28/ 0.28 sec | GPU memory: 82.1 GB | Global sample ID: 29769
[2025-03-23 12:00:28,321][trainer][INFO] - Iteration     8 | Train loss: 0.02 | Time taken:  0.00/ 0.46/ 0.46 sec | GPU memory: 82.1 GB | Global sample ID: 34724
[2025-03-23 12:00:28,710][trainer][INFO] - Iteration     9 | Train loss: 0.02 | Time taken:  0.00/ 0.28/ 0.28 sec | GPU memory: 82.1 GB | Global sample ID: 36387
[2025-03-23 12:00:29,104][trainer][INFO] - Iteration    10 | Train loss: 0.02 | Time taken:  0.00/ 0.29/ 0.29 sec | GPU memory: 82.1 GB | Global sample ID: 36237
[2025-03-23 12:00:29,528][trainer][INFO] - Iteration    11 | Train loss: 0.02 | Time taken:  0.00/ 0.28/ 0.28 sec | GPU memory: 82.1 GB | Global sample ID: 33738
[2025-03-23 12:00:29,931][trainer][INFO] - Iteration    12 | Train loss: 0.01 | Time taken:  0.00/ 0.28/ 0.28 sec | GPU memory: 82.1 GB | Global sample ID: 43183
[2025-03-23 12:00:30,325][trainer][INFO] - Iteration    13 | Train loss: 0.01 | Time taken:  0.00/ 0.29/ 0.29 sec | GPU memory: 82.1 GB | Global sample ID: 42939
[2025-03-23 12:00:30,718][trainer][INFO] - Iteration    14 | Train loss: 0.01 | Time taken:  0.00/ 0.28/ 0.28 sec | GPU memory: 82.1 GB | Global sample ID: 52723
[2025-03-23 12:00:31,107][trainer][INFO] - Iteration    15 | Train loss: 0.01 | Time taken:  0.00/ 0.28/ 0.28 sec | GPU memory: 82.1 GB | Global sample ID: 5903
[2025-03-23 12:00:31,501][trainer][INFO] - Iteration    16 | Train loss: 0.01 | Time taken:  0.00/ 0.28/ 0.28 sec | GPU memory: 82.1 GB | Global sample ID: 44261
[2025-03-23 12:00:31,894][trainer][INFO] - Iteration    17 | Train loss: 0.01 | Time taken:  0.00/ 0.28/ 0.28 sec | GPU memory: 82.1 GB | Global sample ID: 27422
[2025-03-23 12:00:32,287][trainer][INFO] - Iteration    18 | Train loss: 0.01 | Time taken:  0.00/ 0.28/ 0.28 sec | GPU memory: 82.1 GB | Global sample ID: 12162
[2025-03-23 12:00:32,683][trainer][INFO] - Iteration    19 | Train loss: 0.01 | Time taken:  0.00/ 0.28/ 0.28 sec | GPU memory: 82.1 GB | Global sample ID: 5842
[2025-03-23 12:00:33,076][trainer][INFO] - Iteration    20 | Train loss: 0.01 | Time taken:  0.00/ 0.28/ 0.28 sec | GPU memory: 82.1 GB | Global sample ID: 19253
[2025-03-23 12:00:33,498][trainer][INFO] - Iteration    21 | Train loss: 0.01 | Time taken:  0.00/ 0.28/ 0.28 sec | GPU memory: 82.1 GB | Global sample ID: 19173
[2025-03-23 12:00:33,890][trainer][INFO] - Iteration    22 | Train loss: 0.01 | Time taken:  0.00/ 0.28/ 0.28 sec | GPU memory: 82.1 GB | Global sample ID: 41181
[2025-03-23 12:00:34,286][trainer][INFO] - Iteration    23 | Train loss: 0.00 | Time taken:  0.00/ 0.28/ 0.28 sec | GPU memory: 82.1 GB | Global sample ID: 39557
[2025-03-23 12:00:34,678][trainer][INFO] - Iteration    24 | Train loss: 0.00 | Time taken:  0.00/ 0.28/ 0.28 sec | GPU memory: 82.1 GB | Global sample ID: 35646
[2025-03-23 12:00:35,069][trainer][INFO] - Iteration    25 | Train loss: 0.00 | Time taken:  0.00/ 0.28/ 0.28 sec | GPU memory: 82.1 GB | Global sample ID: 51664
[2025-03-23 12:00:35,464][trainer][INFO] - Iteration    26 | Train loss: 0.00 | Time taken:  0.00/ 0.28/ 0.28 sec | GPU memory: 82.1 GB | Global sample ID: 19033
[2025-03-23 12:00:35,869][trainer][INFO] - Iteration    27 | Train loss: 0.00 | Time taken:  0.00/ 0.28/ 0.28 sec | GPU memory: 82.1 GB | Global sample ID: 53644
[2025-03-23 12:00:36,261][trainer][INFO] - Iteration    28 | Train loss: 0.00 | Time taken:  0.00/ 0.28/ 0.28 sec | GPU memory: 82.1 GB | Global sample ID: 44125
[2025-03-23 12:00:36,655][trainer][INFO] - Iteration    29 | Train loss: 0.00 | Time taken:  0.00/ 0.28/ 0.28 sec | GPU memory: 82.1 GB | Global sample ID: 11457
[2025-03-23 12:00:37,062][trainer][INFO] - Iteration    30 | Train loss: 0.00 | Time taken:  0.00/ 0.28/ 0.28 sec | GPU memory: 82.1 GB | Global sample ID: 7357
[2025-03-23 12:00:37,452][trainer][INFO] - Iteration    31 | Train loss: 0.00 | Time taken:  0.00/ 0.28/ 0.28 sec | GPU memory: 82.1 GB | Global sample ID: 29891
[2025-03-23 12:00:37,910][trainer][INFO] - Iteration    32 | Train loss: 0.00 | Time taken:  0.07/ 0.28/ 0.35 sec | GPU memory: 82.1 GB | Global sample ID: 9067
[2025-03-23 12:00:38,298][trainer][INFO] - Iteration    33 | Train loss: 0.00 | Time taken:  0.00/ 0.28/ 0.28 sec | GPU memory: 82.1 GB | Global sample ID: 40960
[2025-03-23 12:00:38,690][trainer][INFO] - Iteration    34 | Train loss: 0.00 | Time taken:  0.00/ 0.28/ 0.28 sec | GPU memory: 82.1 GB | Global sample ID: 47292
[2025-03-23 12:00:39,090][trainer][INFO] - Iteration    35 | Train loss: 0.00 | Time taken:  0.00/ 0.29/ 0.29 sec | GPU memory: 82.1 GB | Global sample ID: 16046
[2025-03-23 12:00:39,490][trainer][INFO] - Iteration    36 | Train loss: 0.00 | Time taken:  0.00/ 0.29/ 0.29 sec | GPU memory: 82.1 GB | Global sample ID: 28738
[2025-03-23 12:00:39,891][trainer][INFO] - Iteration    37 | Train loss: 0.00 | Time taken:  0.00/ 0.28/ 0.28 sec | GPU memory: 82.1 GB | Global sample ID: 50215
[2025-03-23 12:00:40,326][trainer][INFO] - Iteration    38 | Train loss: 0.00 | Time taken:  0.00/ 0.28/ 0.28 sec | GPU memory: 82.1 GB | Global sample ID: 30783
[2025-03-23 12:00:40,714][trainer][INFO] - Iteration    39 | Train loss: 0.00 | Time taken:  0.00/ 0.28/ 0.28 sec | GPU memory: 82.1 GB | Global sample ID: 47293
[2025-03-23 12:00:41,107][trainer][INFO] - Iteration    40 | Train loss: 0.00 | Time taken:  0.00/ 0.28/ 0.28 sec | GPU memory: 82.1 GB | Global sample ID: 27122
[2025-03-23 12:00:41,505][trainer][INFO] - Iteration    41 | Train loss: 0.00 | Time taken:  0.00/ 0.28/ 0.28 sec | GPU memory: 82.1 GB | Global sample ID: 42405
[2025-03-23 12:00:41,900][trainer][INFO] - Iteration    42 | Train loss: 0.00 | Time taken:  0.00/ 0.28/ 0.28 sec | GPU memory: 82.1 GB | Global sample ID: 35957
[2025-03-23 12:00:42,298][trainer][INFO] - Iteration    43 | Train loss: 0.00 | Time taken:  0.00/ 0.28/ 0.28 sec | GPU memory: 82.1 GB | Global sample ID: 53045
[2025-03-23 12:00:42,690][trainer][INFO] - Iteration    44 | Train loss: 0.00 | Time taken:  0.00/ 0.28/ 0.28 sec | GPU memory: 82.1 GB | Global sample ID: 45390
[2025-03-23 12:00:43,083][trainer][INFO] - Iteration    45 | Train loss: 0.00 | Time taken:  0.00/ 0.28/ 0.28 sec | GPU memory: 82.1 GB | Global sample ID: 41544
[2025-03-23 12:00:43,480][trainer][INFO] - Iteration    46 | Train loss: 0.00 | Time taken:  0.00/ 0.28/ 0.28 sec | GPU memory: 82.1 GB | Global sample ID: 3786
[2025-03-23 12:00:43,872][trainer][INFO] - Iteration    47 | Train loss: 0.00 | Time taken:  0.00/ 0.28/ 0.28 sec | GPU memory: 82.1 GB | Global sample ID: 11605
[2025-03-23 12:00:44,267][trainer][INFO] - Iteration    48 | Train loss: 0.00 | Time taken:  0.00/ 0.28/ 0.29 sec | GPU memory: 82.1 GB | Global sample ID: 48647
[2025-03-23 12:00:44,660][trainer][INFO] - Iteration    49 | Train loss: 0.00 | Time taken:  0.00/ 0.28/ 0.28 sec | GPU memory: 82.1 GB | Global sample ID: 19586
[2025-03-23 12:00:45,052][trainer][INFO] - Iteration    50 | Train loss: 0.00 | Time taken:  0.00/ 0.28/ 0.28 sec | GPU memory: 82.1 GB | Global sample ID: 17615
Error executing job with overrides: ['checkpoint.enabled=False', 'datapipe.seed=84', 'schedule.phase1.iterations=300', 'schedule.phase1.lr_end=1', 'schedule.phase1.lr_start=0.005', 'schedule.phase2.iterations=1500', 'schedule.phase2.lr_objective=0.001', 'schedule.phase3.iterations=2000', 'schedule.phase3.lr=0.005', 'schedule.phase3.rollout_steps_increments=5', 'toggles.data.fix_data_centering=True', 'toggles.data.fix_december_gap=False', 'toggles.data.fix_sst_data=True', 'toggles.data.fix_temporal_info=False', 'toggles.data.include_sst_channel=False', 'toggles.graph.use_multimesh=True', 'toggles.loss.fix_inverse_variance_data=False', 'toggles.loss.use_original_variable_weights=False', 'toggles.model.include_solar_radiation=False', 'toggles.model.include_spatial_info=True', 'toggles.model.include_static_data=True', 'toggles.model.include_temporal_info=True']
Error executing job with overrides: ['checkpoint.enabled=False', 'datapipe.seed=84', 'schedule.phase1.iterations=300', 'schedule.phase1.lr_end=1', 'schedule.phase1.lr_start=0.005', 'schedule.phase2.iterations=1500', 'schedule.phase2.lr_objective=0.001', 'schedule.phase3.iterations=2000', 'schedule.phase3.lr=0.005', 'schedule.phase3.rollout_steps_increments=5', 'toggles.data.fix_data_centering=True', 'toggles.data.fix_december_gap=False', 'toggles.data.fix_sst_data=True', 'toggles.data.fix_temporal_info=False', 'toggles.data.include_sst_channel=False', 'toggles.graph.use_multimesh=True', 'toggles.loss.fix_inverse_variance_data=False', 'toggles.loss.use_original_variable_weights=False', 'toggles.model.include_solar_radiation=False', 'toggles.model.include_spatial_info=True', 'toggles.model.include_static_data=True', 'toggles.model.include_temporal_info=True']
Traceback (most recent call last):
  File "/iopsstor/scratch/cscs/stefschu/DSM500_FPR/modulus-baseline/train_graphcast.py", line 77, in main
    test_sample = next(iterator_testing)
  File "/iopsstor/scratch/cscs/stefschu/DSM500_FPR/modulus-baseline/modulus/datapipes/era5_hdf5.py", line 250, in __iter__
    _pipeline = dali_pth.DALIGenericIterator([self.pipe], [
  File "/usr/local/lib/python3.10/dist-packages/nvidia/dali/plugin/pytorch/__init__.py", line 224, in __init__
    self._first_batch = DALIGenericIterator.__next__(self)
  File "/usr/local/lib/python3.10/dist-packages/nvidia/dali/plugin/pytorch/__init__.py", line 239, in __next__
    outputs = self._get_outputs()
  File "/usr/local/lib/python3.10/dist-packages/nvidia/dali/plugin/base_iterator.py", line 385, in _get_outputs
    outputs.append(p.share_outputs())
  File "/usr/local/lib/python3.10/dist-packages/nvidia/dali/pipeline.py", line 1215, in share_outputs
    return self._pipe.ShareOutputs()
RuntimeError: Critical error in pipeline:
Error in MIXED operator `nvidia.dali.ops.MakeContiguous` encountered:

Can't allocate 1084227584 bytes on device 2.
Current pipeline object is no longer valid.

Set the environment variable HYDRA_FULL_ERROR=1 for a complete stack trace.
Traceback (most recent call last):
  File "/iopsstor/scratch/cscs/stefschu/DSM500_FPR/modulus-baseline/train_graphcast.py", line 77, in main
    test_sample = next(iterator_testing)
  File "/iopsstor/scratch/cscs/stefschu/DSM500_FPR/modulus-baseline/modulus/datapipes/era5_hdf5.py", line 250, in __iter__
    _pipeline = dali_pth.DALIGenericIterator([self.pipe], [
  File "/usr/local/lib/python3.10/dist-packages/nvidia/dali/plugin/pytorch/__init__.py", line 224, in __init__
    self._first_batch = DALIGenericIterator.__next__(self)
  File "/usr/local/lib/python3.10/dist-packages/nvidia/dali/plugin/pytorch/__init__.py", line 239, in __next__
    outputs = self._get_outputs()
  File "/usr/local/lib/python3.10/dist-packages/nvidia/dali/plugin/base_iterator.py", line 385, in _get_outputs
    outputs.append(p.share_outputs())
  File "/usr/local/lib/python3.10/dist-packages/nvidia/dali/pipeline.py", line 1215, in share_outputs
    return self._pipe.ShareOutputs()
RuntimeError: Critical error in pipeline:
Error in MIXED operator `nvidia.dali.ops.MakeContiguous` encountered:

Can't allocate 1084227584 bytes on device 0.
Current pipeline object is no longer valid.

Set the environment variable HYDRA_FULL_ERROR=1 for a complete stack trace.
Error executing job with overrides: ['checkpoint.enabled=False', 'datapipe.seed=84', 'schedule.phase1.iterations=300', 'schedule.phase1.lr_end=1', 'schedule.phase1.lr_start=0.005', 'schedule.phase2.iterations=1500', 'schedule.phase2.lr_objective=0.001', 'schedule.phase3.iterations=2000', 'schedule.phase3.lr=0.005', 'schedule.phase3.rollout_steps_increments=5', 'toggles.data.fix_data_centering=True', 'toggles.data.fix_december_gap=False', 'toggles.data.fix_sst_data=True', 'toggles.data.fix_temporal_info=False', 'toggles.data.include_sst_channel=False', 'toggles.graph.use_multimesh=True', 'toggles.loss.fix_inverse_variance_data=False', 'toggles.loss.use_original_variable_weights=False', 'toggles.model.include_solar_radiation=False', 'toggles.model.include_spatial_info=True', 'toggles.model.include_static_data=True', 'toggles.model.include_temporal_info=True']
Traceback (most recent call last):
  File "/iopsstor/scratch/cscs/stefschu/DSM500_FPR/modulus-baseline/train_graphcast.py", line 77, in main
    test_sample = next(iterator_testing)
  File "/iopsstor/scratch/cscs/stefschu/DSM500_FPR/modulus-baseline/modulus/datapipes/era5_hdf5.py", line 250, in __iter__
    _pipeline = dali_pth.DALIGenericIterator([self.pipe], [
  File "/usr/local/lib/python3.10/dist-packages/nvidia/dali/plugin/pytorch/__init__.py", line 224, in __init__
    self._first_batch = DALIGenericIterator.__next__(self)
  File "/usr/local/lib/python3.10/dist-packages/nvidia/dali/plugin/pytorch/__init__.py", line 239, in __next__
    outputs = self._get_outputs()
  File "/usr/local/lib/python3.10/dist-packages/nvidia/dali/plugin/base_iterator.py", line 385, in _get_outputs
    outputs.append(p.share_outputs())
  File "/usr/local/lib/python3.10/dist-packages/nvidia/dali/pipeline.py", line 1215, in share_outputs
    return self._pipe.ShareOutputs()
RuntimeError: Critical error in pipeline:
Error in MIXED operator `nvidia.dali.ops.MakeContiguous` encountered:

Can't allocate 1084227584 bytes on device 1.
Current pipeline object is no longer valid.

Set the environment variable HYDRA_FULL_ERROR=1 for a complete stack trace.
[rank0]:[E323 12:10:53.602939476 ProcessGroupNCCL.cpp:616] [Rank 0] Watchdog caught collective operation timeout: WorkNCCL(SeqNum=201, OpType=ALLREDUCE, NumelIn=1, NumelOut=1, Timeout(ms)=600000) ran for 600000 milliseconds before timing out.
[rank0]:[E323 12:10:53.605228397 ProcessGroupNCCL.cpp:1795] [PG ID 0 PG GUID 0(default_pg) Rank 0] Exception (either an error or timeout) detected by watchdog at work: 201, last enqueued NCCL work: 201, last completed NCCL work: 200.
[rank0]:[E323 12:10:53.605235725 ProcessGroupNCCL.cpp:1844] [PG ID 0 PG GUID 0(default_pg) Rank 0] Timeout at NCCL work: 201, last enqueued NCCL work: 201, last completed NCCL work: 200.
[rank0]:[E323 12:10:53.605241389 ProcessGroupNCCL.cpp:630] [Rank 0] Some NCCL operations have failed or timed out. Due to the asynchronous nature of CUDA kernels, subsequent GPU operations might run on corrupted/incomplete data.
[rank2]:[E323 12:10:54.678525783 ProcessGroupNCCL.cpp:616] [Rank 2] Watchdog caught collective operation timeout: WorkNCCL(SeqNum=201, OpType=ALLREDUCE, NumelIn=1, NumelOut=1, Timeout(ms)=600000) ran for 600083 milliseconds before timing out.
[rank2]:[E323 12:10:54.678580309 ProcessGroupNCCL.cpp:1795] [PG ID 0 PG GUID 0(default_pg) Rank 2] Exception (either an error or timeout) detected by watchdog at work: 201, last enqueued NCCL work: 201, last completed NCCL work: 200.
[rank2]:[E323 12:10:54.678585077 ProcessGroupNCCL.cpp:1844] [PG ID 0 PG GUID 0(default_pg) Rank 2] Timeout at NCCL work: 201, last enqueued NCCL work: 201, last completed NCCL work: 200.
[rank2]:[E323 12:10:54.678588629 ProcessGroupNCCL.cpp:630] [Rank 2] Some NCCL operations have failed or timed out. Due to the asynchronous nature of CUDA kernels, subsequent GPU operations might run on corrupted/incomplete data.
[rank1]:[E323 12:10:54.776078259 ProcessGroupNCCL.cpp:616] [Rank 1] Watchdog caught collective operation timeout: WorkNCCL(SeqNum=201, OpType=ALLREDUCE, NumelIn=1, NumelOut=1, Timeout(ms)=600000) ran for 600062 milliseconds before timing out.
[rank1]:[E323 12:10:54.776136689 ProcessGroupNCCL.cpp:1795] [PG ID 0 PG GUID 0(default_pg) Rank 1] Exception (either an error or timeout) detected by watchdog at work: 201, last enqueued NCCL work: 201, last completed NCCL work: 200.
[rank1]:[E323 12:10:54.776140977 ProcessGroupNCCL.cpp:1844] [PG ID 0 PG GUID 0(default_pg) Rank 1] Timeout at NCCL work: 201, last enqueued NCCL work: 201, last completed NCCL work: 200.
[rank1]:[E323 12:10:54.776144849 ProcessGroupNCCL.cpp:630] [Rank 1] Some NCCL operations have failed or timed out. Due to the asynchronous nature of CUDA kernels, subsequent GPU operations might run on corrupted/incomplete data.
[rank3]:[E323 12:10:55.884968737 ProcessGroupNCCL.cpp:616] [Rank 3] Watchdog caught collective operation timeout: WorkNCCL(SeqNum=201, OpType=ALLREDUCE, NumelIn=536596, NumelOut=536596, Timeout(ms)=600000) ran for 600020 milliseconds before timing out.
[rank3]:[E323 12:10:55.885022655 ProcessGroupNCCL.cpp:1795] [PG ID 0 PG GUID 0(default_pg) Rank 3] Exception (either an error or timeout) detected by watchdog at work: 201, last enqueued NCCL work: 204, last completed NCCL work: 200.
[rank3]:[E323 12:10:55.885026431 ProcessGroupNCCL.cpp:1844] [PG ID 0 PG GUID 0(default_pg) Rank 3] Timeout at NCCL work: 201, last enqueued NCCL work: 204, last completed NCCL work: 200.
[rank3]:[E323 12:10:55.885029151 ProcessGroupNCCL.cpp:630] [Rank 3] Some NCCL operations have failed or timed out. Due to the asynchronous nature of CUDA kernels, subsequent GPU operations might run on corrupted/incomplete data.
[rank3]:[E323 12:23:13.898623971 ProcessGroupNCCL.cpp:1496] [PG ID 0 PG GUID 0(default_pg) Rank 3] ProcessGroupNCCL's watchdog got stuck for 480 seconds without making progress in monitoring enqueued collectives. This typically indicates a NCCL/CUDA API (e.g., CudaEventDestroy) hang blocking the watchdog, and could be triggered by another thread holding the GIL inside a CUDA api (for example, CudaEventDestroy), or other deadlock-prone behaviors.If you suspect the watchdog is not actually stuck and a longer timeout would help, you can either increase the timeout (TORCH_NCCL_HEARTBEAT_TIMEOUT_SEC) to a larger value or disable the heartbeat monitor (TORCH_NCCL_ENABLE_MONITORING=0).If either of aforementioned helps, feel free to file an issue to PyTorch about the short timeout or false positive abort; otherwise, please attempt to debug the hang. 
slurmstepd: error: *** STEP 64770.0 ON nid006874 CANCELLED AT 2025-03-23T12:28:32 DUE TO TIME LIMIT ***
slurmstepd: error: *** JOB 64770 ON nid006874 CANCELLED AT 2025-03-23T12:28:32 DUE TO TIME LIMIT ***
